This is pdfTeX, Version 3.14159265-2.6-1.40.15 (TeX Live 2014) (preloaded format=pdflatex 2014.5.25)  23 AUG 2017 07:58
entering extended mode
 restricted \write18 enabled.
 %&-line parsing enabled.
**HT_Thesis
(./HT_Thesis.tex
LaTeX2e <2014/05/01>
Babel <3.9k> and hyphenation patterns for 78 languages loaded.
(/usr/local/texlive/2014/texmf-dist/tex/latex/base/article.cls
Document Class: article 2007/10/19 v1.4h Standard LaTeX document class
(/usr/local/texlive/2014/texmf-dist/tex/latex/base/size11.clo
File: size11.clo 2007/10/19 v1.4h Standard LaTeX file (size option)
)
\c@part=\count79
\c@section=\count80
\c@subsection=\count81
\c@subsubsection=\count82
\c@paragraph=\count83
\c@subparagraph=\count84
\c@figure=\count85
\c@table=\count86
\abovecaptionskip=\skip41
\belowcaptionskip=\skip42
\bibindent=\dimen102
)
(/usr/local/texlive/2014/texmf-dist/tex/latex/base/inputenc.sty
Package: inputenc 2014/04/30 v1.2b Input encoding file
\inpenc@prehook=\toks14
\inpenc@posthook=\toks15

(/usr/local/texlive/2014/texmf-dist/tex/latex/base/utf8.def
File: utf8.def 2008/04/05 v1.1m UTF-8 support for inputenc
Now handling font encoding OML ...
... no UTF-8 mapping file for font encoding OML
Now handling font encoding T1 ...
... processing UTF-8 mapping file for font encoding T1

(/usr/local/texlive/2014/texmf-dist/tex/latex/base/t1enc.dfu
File: t1enc.dfu 2008/04/05 v1.1m UTF-8 support for inputenc
   defining Unicode char U+00A1 (decimal 161)
   defining Unicode char U+00A3 (decimal 163)
   defining Unicode char U+00AB (decimal 171)
   defining Unicode char U+00BB (decimal 187)
   defining Unicode char U+00BF (decimal 191)
   defining Unicode char U+00C0 (decimal 192)
   defining Unicode char U+00C1 (decimal 193)
   defining Unicode char U+00C2 (decimal 194)
   defining Unicode char U+00C3 (decimal 195)
   defining Unicode char U+00C4 (decimal 196)
   defining Unicode char U+00C5 (decimal 197)
   defining Unicode char U+00C6 (decimal 198)
   defining Unicode char U+00C7 (decimal 199)
   defining Unicode char U+00C8 (decimal 200)
   defining Unicode char U+00C9 (decimal 201)
   defining Unicode char U+00CA (decimal 202)
   defining Unicode char U+00CB (decimal 203)
   defining Unicode char U+00CC (decimal 204)
   defining Unicode char U+00CD (decimal 205)
   defining Unicode char U+00CE (decimal 206)
   defining Unicode char U+00CF (decimal 207)
   defining Unicode char U+00D0 (decimal 208)
   defining Unicode char U+00D1 (decimal 209)
   defining Unicode char U+00D2 (decimal 210)
   defining Unicode char U+00D3 (decimal 211)
   defining Unicode char U+00D4 (decimal 212)
   defining Unicode char U+00D5 (decimal 213)
   defining Unicode char U+00D6 (decimal 214)
   defining Unicode char U+00D8 (decimal 216)
   defining Unicode char U+00D9 (decimal 217)
   defining Unicode char U+00DA (decimal 218)
   defining Unicode char U+00DB (decimal 219)
   defining Unicode char U+00DC (decimal 220)
   defining Unicode char U+00DD (decimal 221)
   defining Unicode char U+00DE (decimal 222)
   defining Unicode char U+00DF (decimal 223)
   defining Unicode char U+00E0 (decimal 224)
   defining Unicode char U+00E1 (decimal 225)
   defining Unicode char U+00E2 (decimal 226)
   defining Unicode char U+00E3 (decimal 227)
   defining Unicode char U+00E4 (decimal 228)
   defining Unicode char U+00E5 (decimal 229)
   defining Unicode char U+00E6 (decimal 230)
   defining Unicode char U+00E7 (decimal 231)
   defining Unicode char U+00E8 (decimal 232)
   defining Unicode char U+00E9 (decimal 233)
   defining Unicode char U+00EA (decimal 234)
   defining Unicode char U+00EB (decimal 235)
   defining Unicode char U+00EC (decimal 236)
   defining Unicode char U+00ED (decimal 237)
   defining Unicode char U+00EE (decimal 238)
   defining Unicode char U+00EF (decimal 239)
   defining Unicode char U+00F0 (decimal 240)
   defining Unicode char U+00F1 (decimal 241)
   defining Unicode char U+00F2 (decimal 242)
   defining Unicode char U+00F3 (decimal 243)
   defining Unicode char U+00F4 (decimal 244)
   defining Unicode char U+00F5 (decimal 245)
   defining Unicode char U+00F6 (decimal 246)
   defining Unicode char U+00F8 (decimal 248)
   defining Unicode char U+00F9 (decimal 249)
   defining Unicode char U+00FA (decimal 250)
   defining Unicode char U+00FB (decimal 251)
   defining Unicode char U+00FC (decimal 252)
   defining Unicode char U+00FD (decimal 253)
   defining Unicode char U+00FE (decimal 254)
   defining Unicode char U+00FF (decimal 255)
   defining Unicode char U+0102 (decimal 258)
   defining Unicode char U+0103 (decimal 259)
   defining Unicode char U+0104 (decimal 260)
   defining Unicode char U+0105 (decimal 261)
   defining Unicode char U+0106 (decimal 262)
   defining Unicode char U+0107 (decimal 263)
   defining Unicode char U+010C (decimal 268)
   defining Unicode char U+010D (decimal 269)
   defining Unicode char U+010E (decimal 270)
   defining Unicode char U+010F (decimal 271)
   defining Unicode char U+0110 (decimal 272)
   defining Unicode char U+0111 (decimal 273)
   defining Unicode char U+0118 (decimal 280)
   defining Unicode char U+0119 (decimal 281)
   defining Unicode char U+011A (decimal 282)
   defining Unicode char U+011B (decimal 283)
   defining Unicode char U+011E (decimal 286)
   defining Unicode char U+011F (decimal 287)
   defining Unicode char U+0130 (decimal 304)
   defining Unicode char U+0131 (decimal 305)
   defining Unicode char U+0132 (decimal 306)
   defining Unicode char U+0133 (decimal 307)
   defining Unicode char U+0139 (decimal 313)
   defining Unicode char U+013A (decimal 314)
   defining Unicode char U+013D (decimal 317)
   defining Unicode char U+013E (decimal 318)
   defining Unicode char U+0141 (decimal 321)
   defining Unicode char U+0142 (decimal 322)
   defining Unicode char U+0143 (decimal 323)
   defining Unicode char U+0144 (decimal 324)
   defining Unicode char U+0147 (decimal 327)
   defining Unicode char U+0148 (decimal 328)
   defining Unicode char U+014A (decimal 330)
   defining Unicode char U+014B (decimal 331)
   defining Unicode char U+0150 (decimal 336)
   defining Unicode char U+0151 (decimal 337)
   defining Unicode char U+0152 (decimal 338)
   defining Unicode char U+0153 (decimal 339)
   defining Unicode char U+0154 (decimal 340)
   defining Unicode char U+0155 (decimal 341)
   defining Unicode char U+0158 (decimal 344)
   defining Unicode char U+0159 (decimal 345)
   defining Unicode char U+015A (decimal 346)
   defining Unicode char U+015B (decimal 347)
   defining Unicode char U+015E (decimal 350)
   defining Unicode char U+015F (decimal 351)
   defining Unicode char U+0160 (decimal 352)
   defining Unicode char U+0161 (decimal 353)
   defining Unicode char U+0162 (decimal 354)
   defining Unicode char U+0163 (decimal 355)
   defining Unicode char U+0164 (decimal 356)
   defining Unicode char U+0165 (decimal 357)
   defining Unicode char U+016E (decimal 366)
   defining Unicode char U+016F (decimal 367)
   defining Unicode char U+0170 (decimal 368)
   defining Unicode char U+0171 (decimal 369)
   defining Unicode char U+0178 (decimal 376)
   defining Unicode char U+0179 (decimal 377)
   defining Unicode char U+017A (decimal 378)
   defining Unicode char U+017B (decimal 379)
   defining Unicode char U+017C (decimal 380)
   defining Unicode char U+017D (decimal 381)
   defining Unicode char U+017E (decimal 382)
   defining Unicode char U+200C (decimal 8204)
   defining Unicode char U+2013 (decimal 8211)
   defining Unicode char U+2014 (decimal 8212)
   defining Unicode char U+2018 (decimal 8216)
   defining Unicode char U+2019 (decimal 8217)
   defining Unicode char U+201A (decimal 8218)
   defining Unicode char U+201C (decimal 8220)
   defining Unicode char U+201D (decimal 8221)
   defining Unicode char U+201E (decimal 8222)
   defining Unicode char U+2030 (decimal 8240)
   defining Unicode char U+2031 (decimal 8241)
   defining Unicode char U+2039 (decimal 8249)
   defining Unicode char U+203A (decimal 8250)
   defining Unicode char U+2423 (decimal 9251)
)
Now handling font encoding OT1 ...
... processing UTF-8 mapping file for font encoding OT1

(/usr/local/texlive/2014/texmf-dist/tex/latex/base/ot1enc.dfu
File: ot1enc.dfu 2008/04/05 v1.1m UTF-8 support for inputenc
   defining Unicode char U+00A1 (decimal 161)
   defining Unicode char U+00A3 (decimal 163)
   defining Unicode char U+00B8 (decimal 184)
   defining Unicode char U+00BF (decimal 191)
   defining Unicode char U+00C5 (decimal 197)
   defining Unicode char U+00C6 (decimal 198)
   defining Unicode char U+00D8 (decimal 216)
   defining Unicode char U+00DF (decimal 223)
   defining Unicode char U+00E6 (decimal 230)
   defining Unicode char U+00EC (decimal 236)
   defining Unicode char U+00ED (decimal 237)
   defining Unicode char U+00EE (decimal 238)
   defining Unicode char U+00EF (decimal 239)
   defining Unicode char U+00F8 (decimal 248)
   defining Unicode char U+0131 (decimal 305)
   defining Unicode char U+0141 (decimal 321)
   defining Unicode char U+0142 (decimal 322)
   defining Unicode char U+0152 (decimal 338)
   defining Unicode char U+0153 (decimal 339)
   defining Unicode char U+2013 (decimal 8211)
   defining Unicode char U+2014 (decimal 8212)
   defining Unicode char U+2018 (decimal 8216)
   defining Unicode char U+2019 (decimal 8217)
   defining Unicode char U+201C (decimal 8220)
   defining Unicode char U+201D (decimal 8221)
)
Now handling font encoding OMS ...
... processing UTF-8 mapping file for font encoding OMS

(/usr/local/texlive/2014/texmf-dist/tex/latex/base/omsenc.dfu
File: omsenc.dfu 2008/04/05 v1.1m UTF-8 support for inputenc
   defining Unicode char U+00A7 (decimal 167)
   defining Unicode char U+00B6 (decimal 182)
   defining Unicode char U+00B7 (decimal 183)
   defining Unicode char U+2020 (decimal 8224)
   defining Unicode char U+2021 (decimal 8225)
   defining Unicode char U+2022 (decimal 8226)
)
Now handling font encoding OMX ...
... no UTF-8 mapping file for font encoding OMX
Now handling font encoding U ...
... no UTF-8 mapping file for font encoding U
   defining Unicode char U+00A9 (decimal 169)
   defining Unicode char U+00AA (decimal 170)
   defining Unicode char U+00AE (decimal 174)
   defining Unicode char U+00BA (decimal 186)
   defining Unicode char U+02C6 (decimal 710)
   defining Unicode char U+02DC (decimal 732)
   defining Unicode char U+200C (decimal 8204)
   defining Unicode char U+2026 (decimal 8230)
   defining Unicode char U+2122 (decimal 8482)
   defining Unicode char U+2423 (decimal 9251)
))
(/usr/local/texlive/2014/texmf-dist/tex/latex/geometry/geometry.sty
Package: geometry 2010/09/12 v5.6 Page Geometry

(/usr/local/texlive/2014/texmf-dist/tex/latex/graphics/keyval.sty
Package: keyval 2014/05/08 v1.15 key=value parser (DPC)
\KV@toks@=\toks16
)
(/usr/local/texlive/2014/texmf-dist/tex/generic/oberdiek/ifpdf.sty
Package: ifpdf 2011/01/30 v2.3 Provides the ifpdf switch (HO)
Package ifpdf Info: pdfTeX in PDF mode is detected.
)
(/usr/local/texlive/2014/texmf-dist/tex/generic/oberdiek/ifvtex.sty
Package: ifvtex 2010/03/01 v1.5 Detect VTeX and its facilities (HO)
Package ifvtex Info: VTeX not detected.
)
(/usr/local/texlive/2014/texmf-dist/tex/generic/ifxetex/ifxetex.sty
Package: ifxetex 2010/09/12 v0.6 Provides ifxetex conditional
)
\Gm@cnth=\count87
\Gm@cntv=\count88
\c@Gm@tempcnt=\count89
\Gm@bindingoffset=\dimen103
\Gm@wd@mp=\dimen104
\Gm@odd@mp=\dimen105
\Gm@even@mp=\dimen106
\Gm@layoutwidth=\dimen107
\Gm@layoutheight=\dimen108
\Gm@layouthoffset=\dimen109
\Gm@layoutvoffset=\dimen110
\Gm@dimlist=\toks17
)
(/usr/local/texlive/2014/texmf-dist/tex/latex/graphics/graphicx.sty
Package: graphicx 2014/04/25 v1.0g Enhanced LaTeX Graphics (DPC,SPQR)

(/usr/local/texlive/2014/texmf-dist/tex/latex/graphics/graphics.sty
Package: graphics 2009/02/05 v1.0o Standard LaTeX Graphics (DPC,SPQR)

(/usr/local/texlive/2014/texmf-dist/tex/latex/graphics/trig.sty
Package: trig 1999/03/16 v1.09 sin cos tan (DPC)
)
(/usr/local/texlive/2014/texmf-dist/tex/latex/latexconfig/graphics.cfg
File: graphics.cfg 2010/04/23 v1.9 graphics configuration of TeX Live
)
Package graphics Info: Driver file: pdftex.def on input line 91.

(/usr/local/texlive/2014/texmf-dist/tex/latex/pdftex-def/pdftex.def
File: pdftex.def 2011/05/27 v0.06d Graphics/color for pdfTeX

(/usr/local/texlive/2014/texmf-dist/tex/generic/oberdiek/infwarerr.sty
Package: infwarerr 2010/04/08 v1.3 Providing info/warning/error messages (HO)
)
(/usr/local/texlive/2014/texmf-dist/tex/generic/oberdiek/ltxcmds.sty
Package: ltxcmds 2011/11/09 v1.22 LaTeX kernel commands for general use (HO)
)
\Gread@gobject=\count90
))
\Gin@req@height=\dimen111
\Gin@req@width=\dimen112
)
(/usr/local/texlive/2014/texmf-dist/tex/latex/amsfonts/amssymb.sty
Package: amssymb 2013/01/14 v3.01 AMS font symbols

(/usr/local/texlive/2014/texmf-dist/tex/latex/amsfonts/amsfonts.sty
Package: amsfonts 2013/01/14 v3.01 Basic AMSFonts support
\@emptytoks=\toks18
\symAMSa=\mathgroup4
\symAMSb=\mathgroup5
LaTeX Font Info:    Overwriting math alphabet `\mathfrak' in version `bold'
(Font)                  U/euf/m/n --> U/euf/b/n on input line 106.
))
(/usr/local/texlive/2014/texmf-dist/tex/latex/setspace/setspace.sty
Package: setspace 2011/12/19 v6.7a set line spacing
)
(/usr/local/texlive/2014/texmf-dist/tex/latex/sectsty/sectsty.sty
Package: sectsty 2002/02/25 v2.0.2 Commands to change all sectional heading sty
les
)
(/usr/local/texlive/2014/texmf-dist/tex/latex/caption/caption.sty
Package: caption 2013/05/02 v3.3-89 Customizing captions (AR)

(/usr/local/texlive/2014/texmf-dist/tex/latex/caption/caption3.sty
Package: caption3 2013/05/02 v1.6-88 caption3 kernel (AR)
Package caption3 Info: TeX engine: e-TeX on input line 57.
\captionmargin=\dimen113
\captionmargin@=\dimen114
\captionwidth=\dimen115
\caption@tempdima=\dimen116
\caption@indent=\dimen117
\caption@parindent=\dimen118
\caption@hangindent=\dimen119
)
\c@ContinuedFloat=\count91
)
(/usr/local/texlive/2014/texmf-dist/tex/latex/titlesec/titlesec.sty
Package: titlesec 2011/12/15 v2.10.0 Sectioning titles
\ttl@box=\box26
\beforetitleunit=\skip43
\aftertitleunit=\skip44
\ttl@plus=\dimen120
\ttl@minus=\dimen121
\ttl@toksa=\toks19
\titlewidth=\dimen122
\titlewidthlast=\dimen123
\titlewidthfirst=\dimen124
)
(/usr/local/texlive/2014/texmf-dist/tex/latex/etoolbox/etoolbox.sty
Package: etoolbox 2011/01/03 v2.1 e-TeX tools for LaTeX

(/usr/local/texlive/2014/texmf-dist/tex/latex/etex-pkg/etex.sty
Package: etex 1998/03/26 v2.0 eTeX basic definition package (PEB)
\et@xins=\count92
)
\etb@tempcnta=\count93
)
(/usr/local/texlive/2014/texmf-dist/tex/latex/relsize/relsize.sty
Package: relsize 2013/03/29 ver 4.1
)
(/usr/local/texlive/2014/texmf-dist/tex/latex/jknapltx/mathrsfs.sty
Package: mathrsfs 1996/01/01 Math RSFS package v1.0 (jk)
\symrsfs=\mathgroup6
)
(/usr/local/texlive/2014/texmf-dist/tex/latex/tools/array.sty
Package: array 2008/09/09 v2.4c Tabular extension package (FMi)
\col@sep=\dimen125
\extrarowheight=\dimen126
\NC@list=\toks20
\extratabsurround=\skip45
\backup@length=\skip46
)
(/usr/local/texlive/2014/texmf-dist/tex/latex/lineno/lineno.sty
Package: lineno 2005/11/02 line numbers on paragraphs v4.41
\linenopenalty=\count94
\output=\toks21
\linenoprevgraf=\count95
\linenumbersep=\dimen127
\linenumberwidth=\dimen128
\c@linenumber=\count96
\c@pagewiselinenumber=\count97
\c@LN@truepage=\count98
\c@internallinenumber=\count99
\c@internallinenumbers=\count100
\quotelinenumbersep=\dimen129
\bframerule=\dimen130
\bframesep=\dimen131
\bframebox=\box27
LaTeX Info: Redefining \\ on input line 3056.
)
(/usr/local/texlive/2014/texmf-dist/tex/latex/morefloats/morefloats.sty
Package: morefloats 2012/01/28 v1.0f Raise limit of unprocessed floats (HMM; DH
)

(/usr/local/texlive/2014/texmf-dist/tex/latex/oberdiek/kvoptions.sty
Package: kvoptions 2011/06/30 v3.11 Key value format for package options (HO)

(/usr/local/texlive/2014/texmf-dist/tex/generic/oberdiek/kvsetkeys.sty
Package: kvsetkeys 2012/04/25 v1.16 Key value parser (HO)

(/usr/local/texlive/2014/texmf-dist/tex/generic/oberdiek/etexcmds.sty
Package: etexcmds 2011/02/16 v1.5 Avoid name clashes with e-TeX commands (HO)

(/usr/local/texlive/2014/texmf-dist/tex/generic/oberdiek/ifluatex.sty
Package: ifluatex 2010/03/01 v1.3 Provides the ifluatex switch (HO)
Package ifluatex Info: LuaTeX not detected.
)
Package etexcmds Info: Could not find \expanded.
(etexcmds)             That can mean that you are not using pdfTeX 1.50 or
(etexcmds)             that some package has redefined \expanded.
(etexcmds)             In the latter case, load this package earlier.
)))
Package morefloats Info: Maximum number of possible floats asked for: 36.
(morefloats)             LaTeX might run out of memory before this
(morefloats)             (in which case it will notify you).
(morefloats)              on input line 171.
\bx@S=\insert233
\bx@T=\insert232
\bx@U=\insert231
\bx@V=\insert230
\bx@W=\insert229
\bx@X=\insert228
\bx@Y=\insert227
\bx@Z=\insert226
\bx@AA=\insert225
\bx@AB=\insert224
\bx@AC=\insert223
\bx@AD=\insert222
\bx@AE=\insert221
\bx@AF=\insert220
\bx@AG=\insert219
\bx@AH=\insert218
\bx@AI=\insert217
\bx@AJ=\insert216
)
(/usr/local/texlive/2014/texmf-dist/tex/latex/hyperref/hyperref.sty
Package: hyperref 2012/11/06 v6.83m Hypertext links for LaTeX

(/usr/local/texlive/2014/texmf-dist/tex/generic/oberdiek/hobsub-hyperref.sty
Package: hobsub-hyperref 2012/05/28 v1.13 Bundle oberdiek, subset hyperref (HO)


(/usr/local/texlive/2014/texmf-dist/tex/generic/oberdiek/hobsub-generic.sty
Package: hobsub-generic 2012/05/28 v1.13 Bundle oberdiek, subset generic (HO)
Package: hobsub 2012/05/28 v1.13 Construct package bundles (HO)
Package hobsub Info: Skipping package `infwarerr' (already loaded).
Package hobsub Info: Skipping package `ltxcmds' (already loaded).
Package hobsub Info: Skipping package `ifluatex' (already loaded).
Package hobsub Info: Skipping package `ifvtex' (already loaded).
Package: intcalc 2007/09/27 v1.1 Expandable calculations with integers (HO)
Package hobsub Info: Skipping package `ifpdf' (already loaded).
Package hobsub Info: Skipping package `etexcmds' (already loaded).
Package hobsub Info: Skipping package `kvsetkeys' (already loaded).
Package: kvdefinekeys 2011/04/07 v1.3 Define keys (HO)
Package: pdftexcmds 2011/11/29 v0.20 Utility functions of pdfTeX for LuaTeX (HO
)
Package pdftexcmds Info: LuaTeX not detected.
Package pdftexcmds Info: \pdf@primitive is available.
Package pdftexcmds Info: \pdf@ifprimitive is available.
Package pdftexcmds Info: \pdfdraftmode found.
Package: pdfescape 2011/11/25 v1.13 Implements pdfTeX's escape features (HO)
Package: bigintcalc 2012/04/08 v1.3 Expandable calculations on big integers (HO
)
Package: bitset 2011/01/30 v1.1 Handle bit-vector datatype (HO)
Package: uniquecounter 2011/01/30 v1.2 Provide unlimited unique counter (HO)
)
Package hobsub Info: Skipping package `hobsub' (already loaded).
Package: letltxmacro 2010/09/02 v1.4 Let assignment for LaTeX macros (HO)
Package: hopatch 2012/05/28 v1.2 Wrapper for package hooks (HO)
Package: xcolor-patch 2011/01/30 xcolor patch
Package: atveryend 2011/06/30 v1.8 Hooks at the very end of document (HO)
Package: atbegshi 2011/10/05 v1.16 At begin shipout hook (HO)
Package: refcount 2011/10/16 v3.4 Data extraction from label references (HO)
Package: hycolor 2011/01/30 v1.7 Color options for hyperref/bookmark (HO)
)
(/usr/local/texlive/2014/texmf-dist/tex/latex/oberdiek/auxhook.sty
Package: auxhook 2011/03/04 v1.3 Hooks for auxiliary files (HO)
)
\@linkdim=\dimen132
\Hy@linkcounter=\count101
\Hy@pagecounter=\count102

(/usr/local/texlive/2014/texmf-dist/tex/latex/hyperref/pd1enc.def
File: pd1enc.def 2012/11/06 v6.83m Hyperref: PDFDocEncoding definition (HO)
Now handling font encoding PD1 ...
... no UTF-8 mapping file for font encoding PD1
)
\Hy@SavedSpaceFactor=\count103

(/usr/local/texlive/2014/texmf-dist/tex/latex/latexconfig/hyperref.cfg
File: hyperref.cfg 2002/06/06 v1.2 hyperref configuration of TeXLive
)
Package hyperref Info: Hyper figures OFF on input line 4443.
Package hyperref Info: Link nesting OFF on input line 4448.
Package hyperref Info: Hyper index ON on input line 4451.
Package hyperref Info: Plain pages OFF on input line 4458.
Package hyperref Info: Backreferencing OFF on input line 4463.
Package hyperref Info: Implicit mode ON; LaTeX internals redefined.
Package hyperref Info: Bookmarks ON on input line 4688.
\c@Hy@tempcnt=\count104

(/usr/local/texlive/2014/texmf-dist/tex/latex/url/url.sty
\Urlmuskip=\muskip10
Package: url 2013/09/16  ver 3.4  Verb mode for urls, etc.
)
LaTeX Info: Redefining \url on input line 5041.
\XeTeXLinkMargin=\dimen133
\Fld@menulength=\count105
\Field@Width=\dimen134
\Fld@charsize=\dimen135
Package hyperref Info: Hyper figures OFF on input line 6295.
Package hyperref Info: Link nesting OFF on input line 6300.
Package hyperref Info: Hyper index ON on input line 6303.
Package hyperref Info: backreferencing OFF on input line 6310.
Package hyperref Info: Link coloring OFF on input line 6315.
Package hyperref Info: Link coloring with OCG OFF on input line 6320.
Package hyperref Info: PDF/A mode OFF on input line 6325.
LaTeX Info: Redefining \ref on input line 6365.
LaTeX Info: Redefining \pageref on input line 6369.
\Hy@abspage=\count106
\c@Item=\count107
\c@Hfootnote=\count108
)

Package hyperref Message: Driver (autodetected): hpdftex.

(/usr/local/texlive/2014/texmf-dist/tex/latex/hyperref/hpdftex.def
File: hpdftex.def 2012/11/06 v6.83m Hyperref driver for pdfTeX
\Fld@listcount=\count109
\c@bookmark@seq@number=\count110

(/usr/local/texlive/2014/texmf-dist/tex/latex/oberdiek/rerunfilecheck.sty
Package: rerunfilecheck 2011/04/15 v1.7 Rerun checks for auxiliary files (HO)
Package uniquecounter Info: New unique counter `rerunfilecheck' on input line 2
82.
)
\Hy@SectionHShift=\skip47
)
(/usr/local/texlive/2014/texmf-dist/tex/latex/carlisle/slashed.sty
Package: slashed 1997/01/16 v0.01 Feynman Slashed Character Notation (DPC)
)
Package hyperref Info: Option `colorlinks' set `true' on input line 40.

(./HT_Thesis.aux)
\openout1 = `HT_Thesis.aux'.

LaTeX Font Info:    Checking defaults for OML/cmm/m/it on input line 44.
LaTeX Font Info:    ... okay on input line 44.
LaTeX Font Info:    Checking defaults for T1/cmr/m/n on input line 44.
LaTeX Font Info:    ... okay on input line 44.
LaTeX Font Info:    Checking defaults for OT1/cmr/m/n on input line 44.
LaTeX Font Info:    ... okay on input line 44.
LaTeX Font Info:    Checking defaults for OMS/cmsy/m/n on input line 44.
LaTeX Font Info:    ... okay on input line 44.
LaTeX Font Info:    Checking defaults for OMX/cmex/m/n on input line 44.
LaTeX Font Info:    ... okay on input line 44.
LaTeX Font Info:    Checking defaults for U/cmr/m/n on input line 44.
LaTeX Font Info:    ... okay on input line 44.
LaTeX Font Info:    Checking defaults for PD1/pdf/m/n on input line 44.
LaTeX Font Info:    ... okay on input line 44.

*geometry* driver: auto-detecting
*geometry* detected driver: pdftex
*geometry* verbose mode - [ preamble ] result:
* driver: pdftex
* paper: letterpaper
* layout: <same size as paper>
* layoutoffset:(h,v)=(0.0pt,0.0pt)
* modes: 
* h-part:(L,W,R)=(72.26999pt, 469.75502pt, 72.26999pt)
* v-part:(T,H,B)=(72.26999pt, 650.43001pt, 72.26999pt)
* \paperwidth=614.295pt
* \paperheight=794.96999pt
* \textwidth=469.75502pt
* \textheight=650.43001pt
* \oddsidemargin=0.0pt
* \evensidemargin=0.0pt
* \topmargin=-37.0pt
* \headheight=12.0pt
* \headsep=25.0pt
* \topskip=11.0pt
* \footskip=30.0pt
* \marginparwidth=59.0pt
* \marginparsep=10.0pt
* \columnsep=10.0pt
* \skip\footins=10.0pt plus 4.0pt minus 2.0pt
* \hoffset=0.0pt
* \voffset=0.0pt
* \mag=1000
* \@twocolumnfalse
* \@twosidefalse
* \@mparswitchfalse
* \@reversemarginfalse
* (1in=72.27pt=25.4mm, 1cm=28.453pt)

(/usr/local/texlive/2014/texmf-dist/tex/context/base/supp-pdf.mkii
[Loading MPS to PDF converter (version 2006.09.02).]
\scratchcounter=\count111
\scratchdimen=\dimen136
\scratchbox=\box28
\nofMPsegments=\count112
\nofMParguments=\count113
\everyMPshowfont=\toks22
\MPscratchCnt=\count114
\MPscratchDim=\dimen137
\MPnumerator=\count115
\makeMPintoPDFobject=\count116
\everyMPtoPDFconversion=\toks23
) (/usr/local/texlive/2014/texmf-dist/tex/latex/oberdiek/epstopdf-base.sty
Package: epstopdf-base 2010/02/09 v2.5 Base part for package epstopdf

(/usr/local/texlive/2014/texmf-dist/tex/latex/oberdiek/grfext.sty
Package: grfext 2010/08/19 v1.1 Manage graphics extensions (HO)
)
Package grfext Info: Graphics extension search list:
(grfext)             [.png,.pdf,.jpg,.mps,.jpeg,.jbig2,.jb2,.PNG,.PDF,.JPG,.JPE
G,.JBIG2,.JB2,.eps]
(grfext)             \AppendGraphicsExtensions on input line 452.

(/usr/local/texlive/2014/texmf-dist/tex/latex/latexconfig/epstopdf-sys.cfg
File: epstopdf-sys.cfg 2010/07/13 v1.3 Configuration of (r)epstopdf for TeX Liv
e
))
Package caption Info: Begin \AtBeginDocument code.
Package caption Info: hyperref package is loaded.
Package caption Info: End \AtBeginDocument code.
\AtBeginShipoutBox=\box29

(/usr/local/texlive/2014/texmf-dist/tex/latex/graphics/color.sty
Package: color 2014/04/23 v1.1a Standard LaTeX Color (DPC)

(/usr/local/texlive/2014/texmf-dist/tex/latex/latexconfig/color.cfg
File: color.cfg 2007/01/18 v1.5 color configuration of teTeX/TeXLive
)
Package color Info: Driver file: pdftex.def on input line 137.
)
Package hyperref Info: Link coloring ON on input line 44.

(/usr/local/texlive/2014/texmf-dist/tex/latex/hyperref/nameref.sty
Package: nameref 2012/10/27 v2.43 Cross-referencing by name of section

(/usr/local/texlive/2014/texmf-dist/tex/generic/oberdiek/gettitlestring.sty
Package: gettitlestring 2010/12/03 v1.4 Cleanup title references (HO)
)
\c@section@level=\count117
)
LaTeX Info: Redefining \ref on input line 44.
LaTeX Info: Redefining \pageref on input line 44.
LaTeX Info: Redefining \nameref on input line 44.

(./HT_Thesis.out) (./HT_Thesis.out)
\@outlinefile=\write3
\openout3 = `HT_Thesis.out'.

 [1

{/usr/local/texlive/2014/texmf-var/fonts/map/pdftex/updmap/pdftex.map}]

LaTeX Font Warning: Font shape `OT1/cmr/bx/sc' undefined
(Font)              using `OT1/cmr/bx/n' instead on input line 103.

[2

] [3

] [4

] (./HT_Thesis.toc
LaTeX Font Info:    Try loading font information for U+msa on input line 3.

(/usr/local/texlive/2014/texmf-dist/tex/latex/amsfonts/umsa.fd
File: umsa.fd 2013/01/14 v3.01 AMS symbols A
)
LaTeX Font Info:    Try loading font information for U+msb on input line 3.

(/usr/local/texlive/2014/texmf-dist/tex/latex/amsfonts/umsb.fd
File: umsb.fd 2013/01/14 v3.01 AMS symbols B
)
LaTeX Font Info:    Try loading font information for U+rsfs on input line 3.

(/usr/local/texlive/2014/texmf-dist/tex/latex/jknapltx/ursfs.fd
File: ursfs.fd 1998/03/24 rsfs font definition file (jk)
) [5

])
\tf@toc=\write4
\openout4 = `HT_Thesis.toc'.

 [6]
(./HT_Thesis.lot)
\tf@lot=\write5
\openout5 = `HT_Thesis.lot'.

 [7

] (./HT_Thesis.lof [8

] [9])
\tf@lof=\write6
\openout6 = `HT_Thesis.lof'.

 [10] (./abbreviations.tex)
[11

] (./Summary.tex) [12

] (./Introduction.tex) [1

] (./Theory.tex
<figures/Theory/Alpha_s.png, id=609, 543.02875pt x 569.12625pt>
File: figures/Theory/Alpha_s.png Graphic file (type png)

<use figures/Theory/Alpha_s.png>
Package pdftex.def Info: figures/Theory/Alpha_s.png used on input line 15.
(pdftex.def)             Requested size: 234.8775pt x 246.16977pt.


LaTeX Warning: `!h' float specifier changed to `!ht'.

[2

] [3 <./figures/Theory/Alpha_s.png>] [4]
<illustrations/qcd_phase_diagram.pdf, id=660, 845.04686pt x 597.50786pt>
File: illustrations/qcd_phase_diagram.pdf Graphic file (type pdf)

<use illustrations/qcd_phase_diagram.pdf>
Package pdftex.def Info: illustrations/qcd_phase_diagram.pdf used on input line
 54.
(pdftex.def)             Requested size: 281.85587pt x 199.2934pt.
 [5] [6 <./illustrations/qcd_phase_diagram.pdf>] [7] <illustrations/glauber.pdf
, id=702, 557.33978pt x 288.15488pt>
File: illustrations/glauber.pdf Graphic file (type pdf)

<use illustrations/glauber.pdf>
Package pdftex.def Info: illustrations/glauber.pdf used on input line 95.
(pdftex.def)             Requested size: 281.85587pt x 145.7303pt.
 [8 <./illustrations/glauber.pdf>] [9] [10]
<figures/Theory/CMS_2particle_corr_2D.pdf, id=1100, 569.12625pt x 491.8375pt>
File: figures/Theory/CMS_2particle_corr_2D.pdf Graphic file (type pdf)

<use figures/Theory/CMS_2particle_corr_2D.pdf>
Package pdftex.def Info: figures/Theory/CMS_2particle_corr_2D.pdf used on input
 line 175.
(pdftex.def)             Requested size: 234.8775pt x 202.98303pt.

<figures/Theory/CMS_2particle_corr_fits.pdf, id=1103, 569.12625pt x 242.9075pt>
File: figures/Theory/CMS_2particle_corr_fits.pdf Graphic file (type pdf)
<use figures/Theory/CMS_2particle_corr_fits.pdf>
Package pdftex.def Info: figures/Theory/CMS_2particle_corr_fits.pdf used on inp
ut line 183.
(pdftex.def)             Requested size: 465.06004pt x 198.49973pt.

<figures/Theory/CMS_v2_v3_result.pdf, id=1106, 570.9265pt x 287.6376pt>
File: figures/Theory/CMS_v2_v3_result.pdf Graphic file (type pdf)

<use figures/Theory/CMS_v2_v3_result.pdf>
Package pdftex.def Info: figures/Theory/CMS_v2_v3_result.pdf used on input line
 191.
(pdftex.def)             Requested size: 465.06004pt x 234.30626pt.
 [11 <./figures/Theory/CMS_2particle_corr_2D.pdf, page is rotated 90 degrees>] 
[12 <./figures/Theory/CMS_2particle_corr_fits.pdf, page is rotated 90 degrees> 
<./figures/Theory/CMS_v2_v3_result.pdf>]
LaTeX Font Info:    Try loading font information for OMS+cmr on input line 206.

 (/usr/local/texlive/2014/texmf-dist/tex/latex/base/omscmr.fd
File: omscmr.fd 1999/05/25 v2.5h Standard LaTeX font definitions
)
LaTeX Font Info:    Font shape `OMS/cmr/m/n' in size <10.95> not available
(Font)              Font shape `OMS/cmsy/m/n' tried instead on input line 206.

<illustrations/qcd_factor.pdf, id=1769, 560.7952pt x 443.67432pt>
File: illustrations/qcd_factor.pdf Graphic file (type pdf)

<use illustrations/qcd_factor.pdf>
Package pdftex.def Info: illustrations/qcd_factor.pdf used on input line 222.
(pdftex.def)             Requested size: 187.89914pt x 148.65381pt.
 [13

]

Package hyperref Warning: Token not allowed in a PDF string (PDFDocEncoding):
(hyperref)                removing `math shift' on input line 230.


Package hyperref Warning: Token not allowed in a PDF string (PDFDocEncoding):
(hyperref)                removing `subscript' on input line 230.


Package hyperref Warning: Token not allowed in a PDF string (PDFDocEncoding):
(hyperref)                removing `math shift' on input line 230.

[14 <./illustrations/qcd_factor.pdf>]
<figures/Theory/ChPart_Raa_ALICE_RHIC.pdf, id=1863, 295.93982pt x 304.15613pt>
File: figures/Theory/ChPart_Raa_ALICE_RHIC.pdf Graphic file (type pdf)

<use figures/Theory/ChPart_Raa_ALICE_RHIC.pdf>
Package pdftex.def Info: figures/Theory/ChPart_Raa_ALICE_RHIC.pdf used on input
 line 253.
(pdftex.def)             Requested size: 234.8775pt x 241.39919pt.


LaTeX Warning: `!h' float specifier changed to `!ht'.

<figures/Theory/ChPart_Raa_CMS_LHC.pdf, id=1866, 569.12625pt x 480.79625pt>
File: figures/Theory/ChPart_Raa_CMS_LHC.pdf Graphic file (type pdf)

<use figures/Theory/ChPart_Raa_CMS_LHC.pdf>
Package pdftex.def Info: figures/Theory/ChPart_Raa_CMS_LHC.pdf used on input li
ne 261.
(pdftex.def)             Requested size: 234.8775pt x 198.42625pt.
 [15]
<figures/Theory/JetRaa_CMS.png, id=1879, 571.13374pt x 397.485pt>
File: figures/Theory/JetRaa_CMS.png Graphic file (type png)

<use figures/Theory/JetRaa_CMS.png>
Package pdftex.def Info: figures/Theory/JetRaa_CMS.png used on input line 272.
(pdftex.def)             Requested size: 465.06004pt x 323.66537pt.


LaTeX Warning: `!h' float specifier changed to `!ht'.

[16 <./figures/Theory/ChPart_Raa_ALICE_RHIC.pdf> <./figures/Theory/ChPart_Raa_C
MS_LHC.pdf, page is rotated 90 degrees>] [17 <./figures/Theory/JetRaa_CMS.png>]
<figures/Theory/CMS_JFF.png, id=1950, 569.12625pt x 240.9pt>
File: figures/Theory/CMS_JFF.png Graphic file (type png)

<use figures/Theory/CMS_JFF.png>
Package pdftex.def Info: figures/Theory/CMS_JFF.png used on input line 297.
(pdftex.def)             Requested size: 465.06004pt x 196.85924pt.
 [18

 <./figures/Theory/CMS_JFF.png (PNG copy)>] <figures/Theory/CMS_JetShapes.png, 
id=1960, 587.19376pt x 286.06876pt>
File: figures/Theory/CMS_JetShapes.png Graphic file (type png)

<use figures/Theory/CMS_JetShapes.png>
Package pdftex.def Info: figures/Theory/CMS_JetShapes.png used on input line 31
4.
(pdftex.def)             Requested size: 465.06004pt x 226.56802pt.
 [19 <./figures/Theory/CMS_JetShapes.png>] <illustrations/asymmetric_dijets.pdf
, id=1975, 556.06721pt x 592.7863pt>
File: illustrations/asymmetric_dijets.pdf Graphic file (type pdf)

<use illustrations/asymmetric_dijets.pdf>
Package pdftex.def Info: illustrations/asymmetric_dijets.pdf used on input line
 330.
(pdftex.def)             Requested size: 140.92793pt x 150.23137pt.
 [20

 <./illustrations/asymmetric_dijets.pdf>] <figures/Theory/CMS_dijets.png, id=19
97, 569.12625pt x 365.365pt>
File: figures/Theory/CMS_dijets.png Graphic file (type png)

<use figures/Theory/CMS_dijets.png>
Package pdftex.def Info: figures/Theory/CMS_dijets.png used on input line 348.
(pdftex.def)             Requested size: 422.77664pt x 271.42511pt.
 [21 <./figures/Theory/CMS_dijets.png (PNG copy)>] <figures/Theory/CMS_mpT.pdf,
 id=2010, 569.12625pt x 255.95625pt>
File: figures/Theory/CMS_mpT.pdf Graphic file (type pdf)

<use figures/Theory/CMS_mpT.pdf>
Package pdftex.def Info: figures/Theory/CMS_mpT.pdf used on input line 359.
(pdftex.def)             Requested size: 465.06004pt x 209.16293pt.
 [22 <./figures/Theory/CMS_mpT.pdf, page is rotated 90 degrees>]
<figures/Theory/MpT_Unbalanced.pdf, id=2063, 569.12625pt x 426.59375pt>
File: figures/Theory/MpT_Unbalanced.pdf Graphic file (type pdf)

<use figures/Theory/MpT_Unbalanced.pdf>
Package pdftex.def Info: figures/Theory/MpT_Unbalanced.pdf used on input line 3
70.
(pdftex.def)             Requested size: 422.77664pt x 316.9112pt.
 [23 <./figures/Theory/MpT_Unbalanced.pdf, page is rotated 90 degrees>]
<figures/Theory/qhat.png, id=2121, 569.12625pt x 569.12625pt>
File: figures/Theory/qhat.png Graphic file (type png)

<use figures/Theory/qhat.png>
Package pdftex.def Info: figures/Theory/qhat.png used on input line 402.
(pdftex.def)             Requested size: 281.85587pt x 281.87033pt.
 [24

] [25 <./figures/Theory/qhat.png (PNG copy)>]
Underfull \hbox (badness 3078) in paragraph at lines 416--417
[]\OT1/cmr/bx/sc/10.95 Baier-Dokshitzer-Mueller-Peign^^Se-Schiff-Zakharov (BDMP
S-Z) and Armesto-
 []

[26]

Package hyperref Warning: Token not allowed in a PDF string (PDFDocEncoding):
(hyperref)                removing `math shift' on input line 436.


Package hyperref Warning: Token not allowed in a PDF string (PDFDocEncoding):
(hyperref)                removing `subscript' on input line 436.


Package hyperref Warning: Token not allowed in a PDF string (PDFDocEncoding):
(hyperref)                removing `math shift' on input line 436.

[27]
<figures/Theory/ChPart_Raa_CMS_Theory.pdf, id=2173, 569.12625pt x 480.79625pt>
File: figures/Theory/ChPart_Raa_CMS_Theory.pdf Graphic file (type pdf)

<use figures/Theory/ChPart_Raa_CMS_Theory.pdf>
Package pdftex.def Info: figures/Theory/ChPart_Raa_CMS_Theory.pdf used on input
 line 443.
(pdftex.def)             Requested size: 281.85587pt x 238.12326pt.
 [28 <./figures/Theory/ChPart_Raa_CMS_Theory.pdf, page is rotated 90 degrees>]
<figures/Models/JEWEL_Raa.png, id=2231, 1124.2pt x 721.69624pt>
File: figures/Models/JEWEL_Raa.png Graphic file (type png)

<use figures/Models/JEWEL_Raa.png>
Package pdftex.def Info: figures/Models/JEWEL_Raa.png used on input line 456.
(pdftex.def)             Requested size: 328.82707pt x 211.09254pt.

<figures/Models/JetFluid_Raa.png, id=2235, 911.405pt x 459.7175pt>
File: figures/Models/JetFluid_Raa.png Graphic file (type png)

<use figures/Models/JetFluid_Raa.png>
Package pdftex.def Info: figures/Models/JetFluid_Raa.png used on input line 466
.
(pdftex.def)             Requested size: 465.06004pt x 234.57909pt.

<figures/Models/SCET_Raa.png, id=2240, 1142.2675pt x 397.485pt>
File: figures/Models/SCET_Raa.png Graphic file (type png)

<use figures/Models/SCET_Raa.png>
Package pdftex.def Info: figures/Models/SCET_Raa.png used on input line 476.
(pdftex.def)             Requested size: 465.06004pt x 161.82965pt.
 [29 <./figures/Models/JEWEL_Raa.png>]
[30 <./figures/Models/JetFluid_Raa.png> <./figures/Models/SCET_Raa.png>]
<figures/Models/Hybrid_Raa.png, id=2257, 1117.17375pt x 358.33875pt>
File: figures/Models/Hybrid_Raa.png Graphic file (type png)

<use figures/Models/Hybrid_Raa.png>
Package pdftex.def Info: figures/Models/Hybrid_Raa.png used on input line 486.
(pdftex.def)             Requested size: 465.06004pt x 149.1671pt.

<figures/Models/JEWEL_JetShape.png, id=2262, 592.2125pt x 516.93124pt>
File: figures/Models/JEWEL_JetShape.png Graphic file (type png)

<use figures/Models/JEWEL_JetShape.png>
Package pdftex.def Info: figures/Models/JEWEL_JetShape.png used on input line 5
02.
(pdftex.def)             Requested size: 234.8775pt x 205.01775pt.
 [31 <./figures/Models/Hybrid_Raa.png>]
<figures/Models/JetFluid_JetShape.png, id=2273, 914.41624pt x 372.39125pt>
File: figures/Models/JetFluid_JetShape.png Graphic file (type png)

<use figures/Models/JetFluid_JetShape.png>
Package pdftex.def Info: figures/Models/JetFluid_JetShape.png used on input lin
e 512.
(pdftex.def)             Requested size: 465.06004pt x 189.39426pt.

<figures/Models/JetFluid_JetShapes2.png, id=2276, 472.76625pt x 411.5375pt>
File: figures/Models/JetFluid_JetShapes2.png Graphic file (type png)

<use figures/Models/JetFluid_JetShapes2.png>
Package pdftex.def Info: figures/Models/JetFluid_JetShapes2.png used on input l
ine 520.
(pdftex.def)             Requested size: 234.8775pt x 204.4621pt.
 [32 <./figures/Models/JEWEL_JetShape.png>] <figures/Models/SCET_JetShapes.png,
 id=2287, 983.675pt x 326.21875pt>
File: figures/Models/SCET_JetShapes.png Graphic file (type png)

<use figures/Models/SCET_JetShapes.png>
Package pdftex.def Info: figures/Models/SCET_JetShapes.png used on input line 5
31.
(pdftex.def)             Requested size: 465.06004pt x 154.22876pt.
 [33 <./figures/Models/JetFluid_JetShape.png> <./figures/Models/JetFluid_JetSha
pes2.png>]
<figures/Models/Hybrid_JetShapes1.png, id=2298, 1178.4025pt x 372.39125pt>
File: figures/Models/Hybrid_JetShapes1.png Graphic file (type png)

<use figures/Models/Hybrid_JetShapes1.png>
Package pdftex.def Info: figures/Models/Hybrid_JetShapes1.png used on input lin
e 541.
(pdftex.def)             Requested size: 465.06004pt x 146.96507pt.
 [34 <./figures/Models/SCET_JetShapes.png> <./figures/Models/Hybrid_JetShapes1.
png>]
<figures/Models/Hybrid_JetShapes2.png, id=2309, 1110.1475pt x 344.28625pt>
File: figures/Models/Hybrid_JetShapes2.png Graphic file (type png)

<use figures/Models/Hybrid_JetShapes2.png>
Package pdftex.def Info: figures/Models/Hybrid_JetShapes2.png used on input lin
e 553.
(pdftex.def)             Requested size: 465.06004pt x 144.22624pt.
 [35 <./figures/Models/Hybrid_JetShapes2.png>] <figures/Models/JEWEL_JFF.png, i
d=2320, 1119.18124pt x 522.95375pt>
File: figures/Models/JEWEL_JFF.png Graphic file (type png)

<use figures/Models/JEWEL_JFF.png>
Package pdftex.def Info: figures/Models/JEWEL_JFF.png used on input line 567.
(pdftex.def)             Requested size: 465.06004pt x 217.30902pt.

<figures/Models/Hybrid_JFF.png, id=2325, 1130.2225pt x 357.335pt>
File: figures/Models/Hybrid_JFF.png Graphic file (type png)

<use figures/Models/Hybrid_JFF.png>
Package pdftex.def Info: figures/Models/Hybrid_JFF.png used on input line 577.
(pdftex.def)             Requested size: 465.06004pt x 147.03172pt.


LaTeX Warning: `!h' float specifier changed to `!ht'.

[36 <./figures/Models/JEWEL_JFF.png>]
<figures/Models/JEWEL_Aj.png, id=2335, 758.835pt x 518.93875pt>
File: figures/Models/JEWEL_Aj.png Graphic file (type png)

<use figures/Models/JEWEL_Aj.png>
Package pdftex.def Info: figures/Models/JEWEL_Aj.png used on input line 592.
(pdftex.def)             Requested size: 328.82707pt x 224.87343pt.
 [37 <./figures/Models/Hybrid_JFF.png> <./figures/Models/JEWEL_Aj.png>]
<figures/Models/Hybrid_mpT1.png, id=2349, 443.6575pt x 651.43375pt>
File: figures/Models/Hybrid_mpT1.png Graphic file (type png)

<use figures/Models/Hybrid_mpT1.png>
Package pdftex.def Info: figures/Models/Hybrid_mpT1.png used on input line 602.

(pdftex.def)             Requested size: 281.85587pt x 413.85463pt.
) [38] [39 <./figures/Models/Hybrid_mpT1.png>] (./Detector.tex [40

]
<figures/Detector/Detector.png, id=2371, 2392.43813pt x 1690.06406pt>
File: figures/Detector/Detector.png Graphic file (type png)

<use figures/Detector/Detector.png>
Package pdftex.def Info: figures/Detector/Detector.png used on input line 16.
(pdftex.def)             Requested size: 422.77664pt x 298.65393pt.
 [41] [42 <./figures/Detector/Detector.png>]
<figures/Detector/figs_2011_cmsTracker_TrackerLayoutNew.png, id=2388, 454.69875
pt x 230.8625pt>
File: figures/Detector/figs_2011_cmsTracker_TrackerLayoutNew.png Graphic file (
type png)

<use figures/Detector/figs_2011_cmsTracker_TrackerLayoutNew.png>
Package pdftex.def Info: figures/Detector/figs_2011_cmsTracker_TrackerLayoutNew
.png used on input line 30.
(pdftex.def)             Requested size: 328.82707pt x 166.95709pt.
 [43 <./figures/Detector/figs_2011_cmsTracker_TrackerLayoutNew.png>]
<figures/Detector/HCAL_Diagram.png, id=2405, 1051.93pt x 632.3625pt>
File: figures/Detector/HCAL_Diagram.png Graphic file (type png)

<use figures/Detector/HCAL_Diagram.png>
Package pdftex.def Info: figures/Detector/HCAL_Diagram.png used on input line 4
7.
(pdftex.def)             Requested size: 281.85587pt x 169.43753pt.
 [44 <./figures/Detector/HCAL_Diagram.png>]) [45] (./Tracks.tex [46

] [47] [48]
Overfull \hbox (14.08017pt too wide) in paragraph at lines 48--49
\OT1/cmr/m/n/10.95 Tracking ef-fi-ciency for charged par-ti-cles in pp col-li-s
ions ranges from ap-prox-i-mately 80% at $\OML/cmm/m/it/10.95 p[] \OMS/cmsy/m/n
/10.95 ^^Y$\OT1/cmr/m/n/10.95 0.5 GeV
 []


<figures/Detector/TrackingEfficiencyPtPythia.pdf, id=2444, 475.7775pt x 739.763
75pt>
File: figures/Detector/TrackingEfficiencyPtPythia.pdf Graphic file (type pdf)
 <use figures/Detector/TrackingEfficiencyPtPythia.pdf>
Package pdftex.def Info: figures/Detector/TrackingEfficiencyPtPythia.pdf used o
n input line 53.
(pdftex.def)             Requested size: 140.45485pt x 218.38644pt.

<figures/Detector/TrackingEfficiencyEtaPythia_TrkPt0p7TrkPt1.pdf, id=2445, 475.
7775pt x 739.76375pt>
File: figures/Detector/TrackingEfficiencyEtaPythia_TrkPt0p7TrkPt1.pdf Graphic f
ile (type pdf)

<use figures/Detector/TrackingEfficiencyEtaPythia_TrkPt0p7TrkPt1.pdf>
Package pdftex.def Info: figures/Detector/TrackingEfficiencyEtaPythia_TrkPt0p7T
rkPt1.pdf used on input line 54.
(pdftex.def)             Requested size: 140.45485pt x 218.38644pt.

<figures/Detector/TrackingEfficiencyPhiPythia_TrkPt0p7TrkPt1.pdf, id=2446, 475.
7775pt x 739.76375pt>
File: figures/Detector/TrackingEfficiencyPhiPythia_TrkPt0p7TrkPt1.pdf Graphic f
ile (type pdf)

<use figures/Detector/TrackingEfficiencyPhiPythia_TrkPt0p7TrkPt1.pdf>
Package pdftex.def Info: figures/Detector/TrackingEfficiencyPhiPythia_TrkPt0p7T
rkPt1.pdf used on input line 55.
(pdftex.def)             Requested size: 140.45485pt x 218.38644pt.


LaTeX Warning: `!h' float specifier changed to `!ht'.

) [49] [50 <./figures/Detector/TrackingEfficiencyPtPythia.pdf> <./figures/Detec
tor/TrackingEfficiencyEtaPythia_TrkPt0p7TrkPt1.pdf> <./figures/Detector/Trackin
gEfficiencyPhiPythia_TrkPt0p7TrkPt1.pdf>] (./Jets.tex

Package hyperref Warning: Token not allowed in a PDF string (PDFDocEncoding):
(hyperref)                removing `math shift' on input line 1.


Package hyperref Warning: Token not allowed in a PDF string (PDFDocEncoding):
(hyperref)                removing `subscript' on input line 1.


Package hyperref Warning: Token not allowed in a PDF string (PDFDocEncoding):
(hyperref)                removing `math shift' on input line 1.

[51

] [52] [53] [54]
<figures/Detector/fullClosures_DogaIterative_centDep_correctToJetPt.pdf, id=261
8, 569.12625pt x 183.68625pt>
File: figures/Detector/fullClosures_DogaIterative_centDep_correctToJetPt.pdf Gr
aphic file (type pdf)

<use figures/Detector/fullClosures_DogaIterative_centDep_correctToJetPt.pdf>
Package pdftex.def Info: figures/Detector/fullClosures_DogaIterative_centDep_co
rrectToJetPt.pdf used on input line 64.
(pdftex.def)             Requested size: 465.06004pt x 150.10515pt.
)
[55 <./figures/Detector/fullClosures_DogaIterative_centDep_correctToJetPt.pdf, 
page is rotated 90 degrees>] (./Samples.tex [56

] [57]
<figures/Samples/HydjetCentralityReweighting.pdf, id=2693, 569.12625pt x 385.44
pt>
File: figures/Samples/HydjetCentralityReweighting.pdf Graphic file (type pdf)
 <use figures/Samples/HydjetCentralityReweighting.pdf>
Package pdftex.def Info: figures/Samples/HydjetCentralityReweighting.pdf used o
n input line 61.
(pdftex.def)             Requested size: 272.45877pt x 184.52682pt.

<figures/Samples/HydjetVzReweighting.pdf, id=2694, 569.12625pt x 385.44pt>
File: figures/Samples/HydjetVzReweighting.pdf Graphic file (type pdf)

<use figures/Samples/HydjetVzReweighting.pdf>
Package pdftex.def Info: figures/Samples/HydjetVzReweighting.pdf used on input 
line 73.
(pdftex.def)             Requested size: 272.45877pt x 184.52682pt.

<figures/Samples/PythiaVzReweighting.pdf, id=2695, 569.12625pt x 385.44pt>
File: figures/Samples/PythiaVzReweighting.pdf Graphic file (type pdf)

<use figures/Samples/PythiaVzReweighting.pdf>
Package pdftex.def Info: figures/Samples/PythiaVzReweighting.pdf used on input 
line 86.
(pdftex.def)             Requested size: 272.45877pt x 184.52682pt.
 [58] [59 <./figures/Samples/HydjetCentralityReweighting.pdf, page is rotated 9
0 degrees> <./figures/Samples/HydjetVzReweighting.pdf, page is rotated 90 degre
es>] [60 <./figures/Samples/PythiaVzReweighting.pdf, page is rotated 90 degrees
>] [61

] [62

] [63]
Overfull \hbox (5.03055pt too wide) in paragraph at lines 211--211
[]|\OT1/cmr/m/n/10.95 Centrality| 
 []

) [64

] (./JetTrack.tex [65

]
<figures/Results/ME_Correction.pdf, id=2880, 569.12625pt x 179.67125pt>
File: figures/Results/ME_Correction.pdf Graphic file (type pdf)

<use figures/Results/ME_Correction.pdf>
Package pdftex.def Info: figures/Results/ME_Correction.pdf used on input line 3
9.
(pdftex.def)             Requested size: 465.06004pt x 146.82417pt.
 [66

]
<figures/Results/Background_Subtraction.pdf, id=2890, 569.12625pt x 179.67125pt
>
File: figures/Results/Background_Subtraction.pdf Graphic file (type pdf)
 <use figures/Results/Background_Subtraction.pdf>
Package pdftex.def Info: figures/Results/Background_Subtraction.pdf used on inp
ut line 60.
(pdftex.def)             Requested size: 465.06004pt x 146.82417pt.

<figures/Results/PAS_Figure_2_TrkPt1_TrkPt2.pdf, id=2891, 569.12625pt x 445.665
pt>
File: figures/Results/PAS_Figure_2_TrkPt1_TrkPt2.pdf Graphic file (type pdf)
 <use figures/Results/PAS_Figure_2_TrkPt1_TrkPt2.pdf>
Package pdftex.def Info: figures/Results/PAS_Figure_2_TrkPt1_TrkPt2.pdf used on
 input line 68.
(pdftex.def)             Requested size: 465.06004pt x 364.1896pt.
 [67 <./figures/Results/ME_Correction.pdf, page is rotated 90 degrees>] [68 <./
figures/Results/Background_Subtraction.pdf, page is rotated 90 degrees>] [69 <.
/figures/Results/PAS_Figure_2_TrkPt1_TrkPt2.pdf, page is rotated 90 degrees>]
<figures/JFF_SpillOver/JFF_Residual_Corrections_Eta_Inclusive_TrkPt1_TrkPt2.pdf
, id=3052, 569.12625pt x 294.09875pt>
File: figures/JFF_SpillOver/JFF_Residual_Corrections_Eta_Inclusive_TrkPt1_TrkPt
2.pdf Graphic file (type pdf)

<use figures/JFF_SpillOver/JFF_Residual_Corrections_Eta_Inclusive_TrkPt1_TrkPt2
.pdf>
Package pdftex.def Info: figures/JFF_SpillOver/JFF_Residual_Corrections_Eta_Inc
lusive_TrkPt1_TrkPt2.pdf used on input line 92.
(pdftex.def)             Requested size: 465.06004pt x 240.33232pt.

<figures/JFF_SpillOver/JFF_Residual_Corrections_Eta_Inclusive_TrkPt2_TrkPt3.pdf
, id=3053, 569.12625pt x 294.09875pt>
File: figures/JFF_SpillOver/JFF_Residual_Corrections_Eta_Inclusive_TrkPt2_TrkPt
3.pdf Graphic file (type pdf)

<use figures/JFF_SpillOver/JFF_Residual_Corrections_Eta_Inclusive_TrkPt2_TrkPt3
.pdf>
Package pdftex.def Info: figures/JFF_SpillOver/JFF_Residual_Corrections_Eta_Inc
lusive_TrkPt2_TrkPt3.pdf used on input line 99.
(pdftex.def)             Requested size: 465.06004pt x 240.33232pt.

<figures/JFF_SpillOver/JFF_Residual_Corrections_Eta_Inclusive_TrkPt3_TrkPt4.pdf
, id=3054, 569.12625pt x 294.09875pt>
File: figures/JFF_SpillOver/JFF_Residual_Corrections_Eta_Inclusive_TrkPt3_TrkPt
4.pdf Graphic file (type pdf)

<use figures/JFF_SpillOver/JFF_Residual_Corrections_Eta_Inclusive_TrkPt3_TrkPt4
.pdf>
Package pdftex.def Info: figures/JFF_SpillOver/JFF_Residual_Corrections_Eta_Inc
lusive_TrkPt3_TrkPt4.pdf used on input line 106.
(pdftex.def)             Requested size: 465.06004pt x 240.33232pt.

<figures/JFF_SpillOver/JFF_Residual_Corrections_Eta_Inclusive_TrkPt4_TrkPt8.pdf
, id=3055, 569.12625pt x 294.09875pt>
File: figures/JFF_SpillOver/JFF_Residual_Corrections_Eta_Inclusive_TrkPt4_TrkPt
8.pdf Graphic file (type pdf)

<use figures/JFF_SpillOver/JFF_Residual_Corrections_Eta_Inclusive_TrkPt4_TrkPt8
.pdf>
Package pdftex.def Info: figures/JFF_SpillOver/JFF_Residual_Corrections_Eta_Inc
lusive_TrkPt4_TrkPt8.pdf used on input line 113.
(pdftex.def)             Requested size: 465.06004pt x 240.33232pt.
 [70] [71 <./figures/JFF_SpillOver/JFF_Residual_Corrections_Eta_Inclusive_TrkPt
1_TrkPt2.pdf, page is rotated 90 degrees> <./figures/JFF_SpillOver/JFF_Residual
_Corrections_Eta_Inclusive_TrkPt2_TrkPt3.pdf, page is rotated 90 degrees>] [72 
<./figures/JFF_SpillOver/JFF_Residual_Corrections_Eta_Inclusive_TrkPt3_TrkPt4.p
df, page is rotated 90 degrees> <./figures/JFF_SpillOver/JFF_Residual_Correctio
ns_Eta_Inclusive_TrkPt4_TrkPt8.pdf, page is rotated 90 degrees>]
<figures/JFF_SpillOver/Integral_JFFResidual_pT.pdf, id=3243, 569.12625pt x 179.
67125pt>
File: figures/JFF_SpillOver/Integral_JFFResidual_pT.pdf Graphic file (type pdf)

 <use figures/JFF_SpillOver/Integral_JFFResidual_pT.pdf>
Package pdftex.def Info: figures/JFF_SpillOver/Integral_JFFResidual_pT.pdf used
 on input line 124.
(pdftex.def)             Requested size: 465.06004pt x 146.82417pt.

<figures/JFF_SpillOver/Integral_JFFResidual_Cent.pdf, id=3244, 569.12625pt x 17
9.67125pt>
File: figures/JFF_SpillOver/Integral_JFFResidual_Cent.pdf Graphic file (type pd
f)
 <use figures/JFF_SpillOver/Integral_JFFResidual_Cent.pdf>
Package pdftex.def Info: figures/JFF_SpillOver/Integral_JFFResidual_Cent.pdf us
ed on input line 132.
(pdftex.def)             Requested size: 465.06004pt x 146.82417pt.
 [73

 <./figures/JFF_SpillOver/Integral_JFFResidual_pT.pdf, page is rotated 90 degre
es> <./figures/JFF_SpillOver/Integral_JFFResidual_Cent.pdf, page is rotated 90 
degrees>]
<figures/JFF_SpillOver/AN_Closures_Eta_InclusiveTrkPt1_TrkPt2.pdf, id=3340, 569
.12625pt x 294.09875pt>
File: figures/JFF_SpillOver/AN_Closures_Eta_InclusiveTrkPt1_TrkPt2.pdf Graphic 
file (type pdf)

<use figures/JFF_SpillOver/AN_Closures_Eta_InclusiveTrkPt1_TrkPt2.pdf>
Package pdftex.def Info: figures/JFF_SpillOver/AN_Closures_Eta_InclusiveTrkPt1_
TrkPt2.pdf used on input line 151.
(pdftex.def)             Requested size: 465.06004pt x 240.33232pt.

<figures/JFF_SpillOver/AN_Closures_Eta_InclusiveTrkPt2_TrkPt3.pdf, id=3341, 569
.12625pt x 294.09875pt>
File: figures/JFF_SpillOver/AN_Closures_Eta_InclusiveTrkPt2_TrkPt3.pdf Graphic 
file (type pdf)

<use figures/JFF_SpillOver/AN_Closures_Eta_InclusiveTrkPt2_TrkPt3.pdf>
Package pdftex.def Info: figures/JFF_SpillOver/AN_Closures_Eta_InclusiveTrkPt2_
TrkPt3.pdf used on input line 160.
(pdftex.def)             Requested size: 465.06004pt x 240.33232pt.

<figures/JFF_SpillOver/AN_Closures_Eta_InclusiveTrkPt3_TrkPt4.pdf, id=3342, 569
.12625pt x 294.09875pt>
File: figures/JFF_SpillOver/AN_Closures_Eta_InclusiveTrkPt3_TrkPt4.pdf Graphic 
file (type pdf)

<use figures/JFF_SpillOver/AN_Closures_Eta_InclusiveTrkPt3_TrkPt4.pdf>
Package pdftex.def Info: figures/JFF_SpillOver/AN_Closures_Eta_InclusiveTrkPt3_
TrkPt4.pdf used on input line 167.
(pdftex.def)             Requested size: 465.06004pt x 240.33232pt.

<figures/JFF_SpillOver/AN_Closures_Eta_InclusiveTrkPt4_TrkPt8.pdf, id=3343, 569
.12625pt x 294.09875pt>
File: figures/JFF_SpillOver/AN_Closures_Eta_InclusiveTrkPt4_TrkPt8.pdf Graphic 
file (type pdf)

<use figures/JFF_SpillOver/AN_Closures_Eta_InclusiveTrkPt4_TrkPt8.pdf>
Package pdftex.def Info: figures/JFF_SpillOver/AN_Closures_Eta_InclusiveTrkPt4_
TrkPt8.pdf used on input line 176.
(pdftex.def)             Requested size: 465.06004pt x 240.33232pt.

<figures/JFF_SpillOver/Integral_Closure_pT_Leading.pdf, id=3344, 569.12625pt x 
179.67125pt>
File: figures/JFF_SpillOver/Integral_Closure_pT_Leading.pdf Graphic file (type 
pdf)
 <use figures/JFF_SpillOver/Integral_Closure_pT_Leading.pdf>
Package pdftex.def Info: figures/JFF_SpillOver/Integral_Closure_pT_Leading.pdf 
used on input line 184.
(pdftex.def)             Requested size: 465.06004pt x 146.82417pt.


LaTeX Warning: `!h' float specifier changed to `!ht'.

[74

] [75 <./figures/JFF_SpillOver/AN_Closures_Eta_InclusiveTrkPt1_TrkPt2.pdf, page
 is rotated 90 degrees> <./figures/JFF_SpillOver/AN_Closures_Eta_InclusiveTrkPt
2_TrkPt3.pdf, page is rotated 90 degrees>] [76 <./figures/JFF_SpillOver/AN_Clos
ures_Eta_InclusiveTrkPt3_TrkPt4.pdf, page is rotated 90 degrees> <./figures/JFF
_SpillOver/AN_Closures_Eta_InclusiveTrkPt4_TrkPt8.pdf, page is rotated 90 degre
es>] [77 <./figures/JFF_SpillOver/Integral_Closure_pT_Leading.pdf, page is rota
ted 90 degrees>]
<figures/JFF_SpillOver/Data_Closure_Integrals.pdf, id=3579, 569.12625pt x 385.4
4pt>
File: figures/JFF_SpillOver/Data_Closure_Integrals.pdf Graphic file (type pdf)
 <use figures/JFF_SpillOver/Data_Closure_Integrals.pdf>
Package pdftex.def Info: figures/JFF_SpillOver/Data_Closure_Integrals.pdf used 
on input line 197.
(pdftex.def)             Requested size: 230.18253pt x 155.89061pt.

<figures/JFF_SpillOver/Data_Closures_TrkPt1_TrkPt2.pdf, id=3580, 569.12625pt x 
426.59375pt>
File: figures/JFF_SpillOver/Data_Closures_TrkPt1_TrkPt2.pdf Graphic file (type 
pdf)
 <use figures/JFF_SpillOver/Data_Closures_TrkPt1_TrkPt2.pdf>
Package pdftex.def Info: figures/JFF_SpillOver/Data_Closures_TrkPt1_TrkPt2.pdf 
used on input line 207.
(pdftex.def)             Requested size: 230.18253pt x 172.53519pt.

<figures/JFF_SpillOver/Data_Closures_TrkPt2_TrkPt3.pdf, id=3581, 569.12625pt x 
426.59375pt>
File: figures/JFF_SpillOver/Data_Closures_TrkPt2_TrkPt3.pdf Graphic file (type 
pdf)
 <use figures/JFF_SpillOver/Data_Closures_TrkPt2_TrkPt3.pdf>
Package pdftex.def Info: figures/JFF_SpillOver/Data_Closures_TrkPt2_TrkPt3.pdf 
used on input line 208.
(pdftex.def)             Requested size: 230.18253pt x 172.53519pt.

<figures/JFF_SpillOver/Data_Closures_TrkPt3_TrkPt4.pdf, id=3582, 569.12625pt x 
426.59375pt>
File: figures/JFF_SpillOver/Data_Closures_TrkPt3_TrkPt4.pdf Graphic file (type 
pdf)
 <use figures/JFF_SpillOver/Data_Closures_TrkPt3_TrkPt4.pdf>
Package pdftex.def Info: figures/JFF_SpillOver/Data_Closures_TrkPt3_TrkPt4.pdf 
used on input line 209.
(pdftex.def)             Requested size: 230.18253pt x 172.53519pt.

<figures/JFF_SpillOver/Data_Closures_TrkPt4_TrkPt8.pdf, id=3583, 569.12625pt x 
426.59375pt>
File: figures/JFF_SpillOver/Data_Closures_TrkPt4_TrkPt8.pdf Graphic file (type 
pdf)
 <use figures/JFF_SpillOver/Data_Closures_TrkPt4_TrkPt8.pdf>
Package pdftex.def Info: figures/JFF_SpillOver/Data_Closures_TrkPt4_TrkPt8.pdf 
used on input line 210.
(pdftex.def)             Requested size: 230.18253pt x 172.53519pt.


LaTeX Warning: `!h' float specifier changed to `!ht'.


<figures/JFF_SpillOver/QuarkGluonComparison.pdf, id=3585, 569.12625pt x 598.235
pt>
File: figures/JFF_SpillOver/QuarkGluonComparison.pdf Graphic file (type pdf)
 <use figures/JFF_SpillOver/QuarkGluonComparison.pdf>
Package pdftex.def Info: figures/JFF_SpillOver/QuarkGluonComparison.pdf used on
 input line 220.
(pdftex.def)             Requested size: 465.06004pt x 488.86714pt.
 [78 <./figures/JFF_SpillOver/Data_Closure_Integrals.pdf, page is rotated 90 de
grees>] [79 <./figures/JFF_SpillOver/Data_Closures_TrkPt1_TrkPt2.pdf, page is r
otated 90 degrees> <./figures/JFF_SpillOver/Data_Closures_TrkPt2_TrkPt3.pdf, pa
ge is rotated 90 degrees> <./figures/JFF_SpillOver/Data_Closures_TrkPt3_TrkPt4.
pdf, page is rotated 90 degrees> <./figures/JFF_SpillOver/Data_Closures_TrkPt4_
TrkPt8.pdf, page is rotated 90 degrees>] [80 <./figures/JFF_SpillOver/QuarkGluo
nComparison.pdf>]
[81

]) [82] [83] (./Results.tex [84

]
<figures/Results/PAS_Figure_3_TrkPt1_TrkPt2.pdf, id=3901, 569.12625pt x 302.128
75pt>
File: figures/Results/PAS_Figure_3_TrkPt1_TrkPt2.pdf Graphic file (type pdf)
 <use figures/Results/PAS_Figure_3_TrkPt1_TrkPt2.pdf>
Package pdftex.def Info: figures/Results/PAS_Figure_3_TrkPt1_TrkPt2.pdf used on
 input line 16.
(pdftex.def)             Requested size: 465.06004pt x 246.8943pt.

<figures/Results/PAS_Figure_4_TrkPt1_TrkPt2.pdf, id=3902, 569.12625pt x 302.128
75pt>
File: figures/Results/PAS_Figure_4_TrkPt1_TrkPt2.pdf Graphic file (type pdf)
 <use figures/Results/PAS_Figure_4_TrkPt1_TrkPt2.pdf>
Package pdftex.def Info: figures/Results/PAS_Figure_4_TrkPt1_TrkPt2.pdf used on
 input line 24.
(pdftex.def)             Requested size: 465.06004pt x 246.8943pt.

<figures/Results/PAS_Figure_3_TrkPt2_TrkPt3.pdf, id=3903, 569.12625pt x 302.128
75pt>
File: figures/Results/PAS_Figure_3_TrkPt2_TrkPt3.pdf Graphic file (type pdf)
 <use figures/Results/PAS_Figure_3_TrkPt2_TrkPt3.pdf>
Package pdftex.def Info: figures/Results/PAS_Figure_3_TrkPt2_TrkPt3.pdf used on
 input line 34.
(pdftex.def)             Requested size: 465.06004pt x 246.8943pt.

<figures/Results/PAS_Figure_4_TrkPt2_TrkPt3.pdf, id=3904, 569.12625pt x 302.128
75pt>
File: figures/Results/PAS_Figure_4_TrkPt2_TrkPt3.pdf Graphic file (type pdf)
 <use figures/Results/PAS_Figure_4_TrkPt2_TrkPt3.pdf>
Package pdftex.def Info: figures/Results/PAS_Figure_4_TrkPt2_TrkPt3.pdf used on
 input line 42.
(pdftex.def)             Requested size: 465.06004pt x 246.8943pt.

<figures/Results/PAS_Figure_3_TrkPt3_TrkPt4.pdf, id=3905, 569.12625pt x 302.128
75pt>
File: figures/Results/PAS_Figure_3_TrkPt3_TrkPt4.pdf Graphic file (type pdf)
 <use figures/Results/PAS_Figure_3_TrkPt3_TrkPt4.pdf>
Package pdftex.def Info: figures/Results/PAS_Figure_3_TrkPt3_TrkPt4.pdf used on
 input line 51.
(pdftex.def)             Requested size: 465.06004pt x 246.8943pt.

<figures/Results/PAS_Figure_4_TrkPt3_TrkPt4.pdf, id=3906, 569.12625pt x 302.128
75pt>
File: figures/Results/PAS_Figure_4_TrkPt3_TrkPt4.pdf Graphic file (type pdf)
 <use figures/Results/PAS_Figure_4_TrkPt3_TrkPt4.pdf>
Package pdftex.def Info: figures/Results/PAS_Figure_4_TrkPt3_TrkPt4.pdf used on
 input line 59.
(pdftex.def)             Requested size: 465.06004pt x 246.8943pt.

<figures/Results/PAS_Figure_3_TrkPt4_TrkPt8.pdf, id=3907, 569.12625pt x 302.128
75pt>
File: figures/Results/PAS_Figure_3_TrkPt4_TrkPt8.pdf Graphic file (type pdf)
 <use figures/Results/PAS_Figure_3_TrkPt4_TrkPt8.pdf>
Package pdftex.def Info: figures/Results/PAS_Figure_3_TrkPt4_TrkPt8.pdf used on
 input line 69.
(pdftex.def)             Requested size: 465.06004pt x 246.8943pt.

<figures/Results/PAS_Figure_4_TrkPt4_TrkPt8.pdf, id=3908, 569.12625pt x 302.128
75pt>
File: figures/Results/PAS_Figure_4_TrkPt4_TrkPt8.pdf Graphic file (type pdf)
 <use figures/Results/PAS_Figure_4_TrkPt4_TrkPt8.pdf>
Package pdftex.def Info: figures/Results/PAS_Figure_4_TrkPt4_TrkPt8.pdf used on
 input line 77.
(pdftex.def)             Requested size: 465.06004pt x 246.8943pt.

<figures/results/Yield_dEta_Stacked.pdf, id=3909, 569.12625pt x 221.82875pt>
File: figures/results/Yield_dEta_Stacked.pdf Graphic file (type pdf)

<use figures/results/Yield_dEta_Stacked.pdf>
Package pdftex.def Info: figures/results/Yield_dEta_Stacked.pdf used on input l
ine 85.
(pdftex.def)             Requested size: 465.06004pt x 181.27454pt.

<figures/results/Yield_dPhi_Stacked.pdf, id=3910, 569.12625pt x 221.82875pt>
File: figures/results/Yield_dPhi_Stacked.pdf Graphic file (type pdf)

<use figures/results/Yield_dPhi_Stacked.pdf>
Package pdftex.def Info: figures/results/Yield_dPhi_Stacked.pdf used on input l
ine 93.
(pdftex.def)             Requested size: 465.06004pt x 181.27454pt.

<figures/results/ParticleYield_by_dR.pdf, id=3911, 569.12625pt x 221.82875pt>
File: figures/results/ParticleYield_by_dR.pdf Graphic file (type pdf)

<use figures/results/ParticleYield_by_dR.pdf>
Package pdftex.def Info: figures/results/ParticleYield_by_dR.pdf used on input 
line 101.
(pdftex.def)             Requested size: 465.06004pt x 181.27454pt.
 [85 <./figures/Results/PAS_Figure_3_TrkPt1_TrkPt2.pdf, page is rotated 90 degr
ees>] [86 <./figures/Results/PAS_Figure_4_TrkPt1_TrkPt2.pdf, page is rotated 90
 degrees>] [87 <./figures/Results/PAS_Figure_3_TrkPt2_TrkPt3.pdf, page is rotat
ed 90 degrees>] [88 <./figures/Results/PAS_Figure_4_TrkPt2_TrkPt3.pdf, page is 
rotated 90 degrees>] [89 <./figures/Results/PAS_Figure_3_TrkPt3_TrkPt4.pdf, pag
e is rotated 90 degrees>] [90 <./figures/Results/PAS_Figure_4_TrkPt3_TrkPt4.pdf
, page is rotated 90 degrees>]
[91 <./figures/Results/PAS_Figure_3_TrkPt4_TrkPt8.pdf, page is rotated 90 degre
es>] [92 <./figures/Results/PAS_Figure_4_TrkPt4_TrkPt8.pdf, page is rotated 90 
degrees> <./figures/results/Yield_dEta_Stacked.pdf, page is rotated 90 degrees>
] [93 <./figures/results/Yield_dPhi_Stacked.pdf, page is rotated 90 degrees> <.
/figures/results/ParticleYield_by_dR.pdf, page is rotated 90 degrees>]
<figures/results/Integral_dR.pdf, id=4427, 569.12625pt x 277.035pt>
File: figures/results/Integral_dR.pdf Graphic file (type pdf)

<use figures/results/Integral_dR.pdf>
Package pdftex.def Info: figures/results/Integral_dR.pdf used on input line 114
.
(pdftex.def)             Requested size: 465.06004pt x 226.38812pt.
 [94

 <./figures/results/Integral_dR.pdf, page is rotated 90 degrees>]
<figures/Results/PAS_Figure_5_TrkPt1_TrkPt2.pdf, id=4480, 569.12625pt x 449.68p
t>
File: figures/Results/PAS_Figure_5_TrkPt1_TrkPt2.pdf Graphic file (type pdf)
 <use figures/Results/PAS_Figure_5_TrkPt1_TrkPt2.pdf>
Package pdftex.def Info: figures/Results/PAS_Figure_5_TrkPt1_TrkPt2.pdf used on
 input line 131.
(pdftex.def)             Requested size: 465.06004pt x 367.4706pt.

<figures/Results/PAS_Figure_6_TrkPt1_TrkPt2.pdf, id=4481, 569.12625pt x 449.68p
t>
File: figures/Results/PAS_Figure_6_TrkPt1_TrkPt2.pdf Graphic file (type pdf)
 <use figures/Results/PAS_Figure_6_TrkPt1_TrkPt2.pdf>
Package pdftex.def Info: figures/Results/PAS_Figure_6_TrkPt1_TrkPt2.pdf used on
 input line 139.
(pdftex.def)             Requested size: 465.06004pt x 367.4706pt.

<figures/Results/PAS_Figure_7_WithInclusive.pdf, id=4482, 569.12625pt x 191.716
25pt>
File: figures/Results/PAS_Figure_7_WithInclusive.pdf Graphic file (type pdf)
 <use figures/Results/PAS_Figure_7_WithInclusive.pdf>
Package pdftex.def Info: figures/Results/PAS_Figure_7_WithInclusive.pdf used on
 input line 147.
(pdftex.def)             Requested size: 465.06004pt x 156.66714pt.
 [95

] [96 <./figures/Results/PAS_Figure_5_TrkPt1_TrkPt2.pdf, page is rotated 90 deg
rees>] [97 <./figures/Results/PAS_Figure_6_TrkPt1_TrkPt2.pdf, page is rotated 9
0 degrees>]
[98 <./figures/Results/PAS_Figure_7_WithInclusive.pdf, page is rotated 90 degre
es>] <figures/Results/Width_Eta_Leading.pdf, id=4634, 569.12625pt x 313.17pt>
File: figures/Results/Width_Eta_Leading.pdf Graphic file (type pdf)

<use figures/Results/Width_Eta_Leading.pdf>
Package pdftex.def Info: figures/Results/Width_Eta_Leading.pdf used on input li
ne 161.
(pdftex.def)             Requested size: 465.06004pt x 255.917pt.

<figures/Results/Width_Phi_Leading.pdf, id=4635, 569.12625pt x 313.17pt>
File: figures/Results/Width_Phi_Leading.pdf Graphic file (type pdf)

<use figures/Results/Width_Phi_Leading.pdf>
Package pdftex.def Info: figures/Results/Width_Phi_Leading.pdf used on input li
ne 169.
(pdftex.def)             Requested size: 465.06004pt x 255.917pt.

<figures/Results/Width_Eta_SubLeading.pdf, id=4636, 569.12625pt x 313.17pt>
File: figures/Results/Width_Eta_SubLeading.pdf Graphic file (type pdf)

<use figures/Results/Width_Eta_SubLeading.pdf>
Package pdftex.def Info: figures/Results/Width_Eta_SubLeading.pdf used on input
 line 177.
(pdftex.def)             Requested size: 465.06004pt x 255.917pt.

<figures/Results/Width_Phi_SubLeading.pdf, id=4637, 569.12625pt x 313.17pt>
File: figures/Results/Width_Phi_SubLeading.pdf Graphic file (type pdf)

<use figures/Results/Width_Phi_SubLeading.pdf>
Package pdftex.def Info: figures/Results/Width_Phi_SubLeading.pdf used on input
 line 185.
(pdftex.def)             Requested size: 465.06004pt x 255.917pt.
 [99

] [100 <./figures/Results/Width_Eta_Leading.pdf, page is rotated 90 degrees>] [
101 <./figures/Results/Width_Phi_Leading.pdf, page is rotated 90 degrees>] [102
 <./figures/Results/Width_Eta_SubLeading.pdf, page is rotated 90 degrees>] [103
 <./figures/Results/Width_Phi_SubLeading.pdf, page is rotated 90 degrees>]

LaTeX Font Warning: Command \large invalid in math mode on input line 204.

LaTeX Font Info:    Calculating math sizes for size <> on input line 205.

LaTeX Font Warning: Font shape `OT1/cmr/m/n' in size <> not available
(Font)              size <5> substituted on input line 205.


LaTeX Font Warning: Font shape `OT1/cmr/m/n' in size <0.7> not available
(Font)              size <5> substituted on input line 205.


LaTeX Font Warning: Font shape `OT1/cmr/m/n' in size <0.5> not available
(Font)              size <5> substituted on input line 205.


LaTeX Font Warning: Font shape `OML/cmm/m/it' in size <> not available
(Font)              size <5> substituted on input line 205.


LaTeX Font Warning: Font shape `OML/cmm/m/it' in size <0.7> not available
(Font)              size <5> substituted on input line 205.


LaTeX Font Warning: Font shape `OML/cmm/m/it' in size <0.5> not available
(Font)              size <5> substituted on input line 205.


LaTeX Font Warning: Font shape `OMS/cmsy/m/n' in size <> not available
(Font)              size <5> substituted on input line 205.


LaTeX Font Warning: Font shape `OMS/cmsy/m/n' in size <0.7> not available
(Font)              size <5> substituted on input line 205.


LaTeX Font Warning: Font shape `OMS/cmsy/m/n' in size <0.5> not available
(Font)              size <5> substituted on input line 205.


LaTeX Font Warning: Font shape `U/rsfs/m/n' in size <> not available
(Font)              size <5> substituted on input line 205.


LaTeX Font Warning: Font shape `U/rsfs/m/n' in size <0.7> not available
(Font)              size <5> substituted on input line 205.


LaTeX Font Warning: Font shape `U/rsfs/m/n' in size <0.5> not available
(Font)              size <5> substituted on input line 205.


LaTeX Font Warning: Command \large invalid in math mode on input line 210.


LaTeX Font Warning: Command \large invalid in math mode on input line 210.

[104

]
<figures/results/JetShapes_WithHighpT_pTweighted_3Row.pdf, id=4843, 569.12625pt
 x 335.2525pt>
File: figures/results/JetShapes_WithHighpT_pTweighted_3Row.pdf Graphic file (ty
pe pdf)
 <use figures/results/JetShapes_WithHighpT_pTweighted_3Row.pdf>
Package pdftex.def Info: figures/results/JetShapes_WithHighpT_pTweighted_3Row.p
df used on input line 220.
(pdftex.def)             Requested size: 465.06004pt x 273.96245pt.

[105

 <./figures/results/JetShapes_WithHighpT_pTweighted_3Row.pdf, page is rotated 9
0 degrees>]
<figures/Results/JetShapes_WithHighpT_PAS.pdf, id=4897, 569.12625pt x 367.3725p
t>
File: figures/Results/JetShapes_WithHighpT_PAS.pdf Graphic file (type pdf)
 <use figures/Results/JetShapes_WithHighpT_PAS.pdf>
Package pdftex.def Info: figures/Results/JetShapes_WithHighpT_PAS.pdf used on i
nput line 232.
(pdftex.def)             Requested size: 465.06004pt x 300.21034pt.

<figures/Results/JetShapes_SubLeading_WithHighpT_PAS.pdf, id=4900, 569.12625pt 
x 367.3725pt>
File: figures/Results/JetShapes_SubLeading_WithHighpT_PAS.pdf Graphic file (typ
e pdf)
 <use figures/Results/JetShapes_SubLeading_WithHighpT_PAS.pdf>
Package pdftex.def Info: figures/Results/JetShapes_SubLeading_WithHighpT_PAS.pd
f used on input line 242.
(pdftex.def)             Requested size: 465.06004pt x 300.21034pt.


LaTeX Warning: `!h' float specifier changed to `!ht'.

[106 <./figures/Results/JetShapes_WithHighpT_PAS.pdf, page is rotated 90 degree
s>] [107 <./figures/Results/JetShapes_SubLeading_WithHighpT_PAS.pdf, page is ro
tated 90 degrees>] [108

]
<figures/Results/Missing_pT_NoBkgSub_Aj0_Aj22.pdf, id=5010, 569.12625pt x 367.3
725pt>
File: figures/Results/Missing_pT_NoBkgSub_Aj0_Aj22.pdf Graphic file (type pdf)
 <use figures/Results/Missing_pT_NoBkgSub_Aj0_Aj22.pdf>
Package pdftex.def Info: figures/Results/Missing_pT_NoBkgSub_Aj0_Aj22.pdf used 
on input line 265.
(pdftex.def)             Requested size: 465.06004pt x 300.21034pt.


LaTeX Warning: `!h' float specifier changed to `!ht'.


<figures/Results/Missing_pT_NoBkgSub_Aj22_Aj75.pdf, id=5011, 569.12625pt x 367.
3725pt>
File: figures/Results/Missing_pT_NoBkgSub_Aj22_Aj75.pdf Graphic file (type pdf)

 <use figures/Results/Missing_pT_NoBkgSub_Aj22_Aj75.pdf>
Package pdftex.def Info: figures/Results/Missing_pT_NoBkgSub_Aj22_Aj75.pdf used
 on input line 273.
(pdftex.def)             Requested size: 465.06004pt x 300.21034pt.
 [109]
<figures/Results/Missing_pT_JetRelated_Aj0_Aj22.pdf, id=5022, 563.10374pt x 739
.76375pt>
File: figures/Results/Missing_pT_JetRelated_Aj0_Aj22.pdf Graphic file (type pdf
)
 <use figures/Results/Missing_pT_JetRelated_Aj0_Aj22.pdf>
Package pdftex.def Info: figures/Results/Missing_pT_JetRelated_Aj0_Aj22.pdf use
d on input line 283.
(pdftex.def)             Requested size: 465.06004pt x 610.96732pt.


LaTeX Warning: Float too large for page by 50.53732pt on input line 287.


<figures/Results/Missing_pT_JetRelated_Aj22_Aj75.pdf, id=5023, 563.10374pt x 73
9.76375pt>
File: figures/Results/Missing_pT_JetRelated_Aj22_Aj75.pdf Graphic file (type pd
f)
 <use figures/Results/Missing_pT_JetRelated_Aj22_Aj75.pdf>
Package pdftex.def Info: figures/Results/Missing_pT_JetRelated_Aj22_Aj75.pdf us
ed on input line 291.
(pdftex.def)             Requested size: 465.06004pt x 610.96732pt.


LaTeX Warning: Float too large for page by 50.53732pt on input line 295.

[110 <./figures/Results/Missing_pT_NoBkgSub_Aj0_Aj22.pdf, page is rotated 90 de
grees>] [111 <./figures/Results/Missing_pT_NoBkgSub_Aj22_Aj75.pdf, page is rota
ted 90 degrees>] [112 <./figures/Results/Missing_pT_JetRelated_Aj0_Aj22.pdf>]
[113 <./figures/Results/Missing_pT_JetRelated_Aj22_Aj75.pdf>]
<figures/Results/Missing_pT_LongRange_Aj0_Aj22.pdf, id=5216, 569.12625pt x 367.
3725pt>
File: figures/Results/Missing_pT_LongRange_Aj0_Aj22.pdf Graphic file (type pdf)

 <use figures/Results/Missing_pT_LongRange_Aj0_Aj22.pdf>
Package pdftex.def Info: figures/Results/Missing_pT_LongRange_Aj0_Aj22.pdf used
 on input line 303.
(pdftex.def)             Requested size: 465.06004pt x 300.21034pt.

<figures/Results/Missing_pT_LongRange_Aj22_Aj75.pdf, id=5217, 569.12625pt x 367
.3725pt>
File: figures/Results/Missing_pT_LongRange_Aj22_Aj75.pdf Graphic file (type pdf
)
 <use figures/Results/Missing_pT_LongRange_Aj22_Aj75.pdf>
Package pdftex.def Info: figures/Results/Missing_pT_LongRange_Aj22_Aj75.pdf use
d on input line 311.
(pdftex.def)             Requested size: 465.06004pt x 300.21034pt.

<figures/Results/Integral_Longrange.pdf, id=5218, 569.12625pt x 265.99374pt>
File: figures/Results/Integral_Longrange.pdf Graphic file (type pdf)

<use figures/Results/Integral_Longrange.pdf>
Package pdftex.def Info: figures/Results/Integral_Longrange.pdf used on input l
ine 320.
(pdftex.def)             Requested size: 465.06004pt x 217.3654pt.


LaTeX Warning: `!h' float specifier changed to `!ht'.

[114

]
<figures/Results/Integral_PbPb_pp_Summary.pdf, id=5230, 569.12625pt x 440.64626
pt>
File: figures/Results/Integral_PbPb_pp_Summary.pdf Graphic file (type pdf)
 <use figures/Results/Integral_PbPb_pp_Summary.pdf>
Package pdftex.def Info: figures/Results/Integral_PbPb_pp_Summary.pdf used on i
nput line 332.
(pdftex.def)             Requested size: 465.06004pt x 360.08838pt.

<figures/Results/Integral_PbPb_pp_Summary_Peripheral.pdf, id=5231, 569.12625pt 
x 440.64626pt>
File: figures/Results/Integral_PbPb_pp_Summary_Peripheral.pdf Graphic file (typ
e pdf)
 <use figures/Results/Integral_PbPb_pp_Summary_Peripheral.pdf>
Package pdftex.def Info: figures/Results/Integral_PbPb_pp_Summary_Peripheral.pd
f used on input line 341.
(pdftex.def)             Requested size: 465.06004pt x 360.08838pt.

[115 <./figures/Results/Missing_pT_LongRange_Aj0_Aj22.pdf, page is rotated 90 d
egrees>] [116 <./figures/Results/Missing_pT_LongRange_Aj22_Aj75.pdf, page is ro
tated 90 degrees>] [117 <./figures/Results/Integral_Longrange.pdf, page is rota
ted 90 degrees>] [118 <./figures/Results/Integral_PbPb_pp_Summary.pdf, page is 
rotated 90 degrees>] [119 <./figures/Results/Integral_PbPb_pp_Summary_Periphera
l.pdf, page is rotated 90 degrees>]) [120

] (./Conclusion.tex) [121

]
(./HT_Thesis.bbl [122

] [123] [124] [125] [126]) [127] (./Appendices.tex
<figures/Appendices/JetSpectra_MC_Data_Pythia_RecoJet_JetEtaCut16.pdf, id=5507,
 569.12625pt x 558.085pt>
File: figures/Appendices/JetSpectra_MC_Data_Pythia_RecoJet_JetEtaCut16.pdf Grap
hic file (type pdf)

<use figures/Appendices/JetSpectra_MC_Data_Pythia_RecoJet_JetEtaCut16.pdf>
Package pdftex.def Info: figures/Appendices/JetSpectra_MC_Data_Pythia_RecoJet_J
etEtaCut16.pdf used on input line 15.
(pdftex.def)             Requested size: 352.31625pt x 345.49818pt.

<figures/Appendices/JetSpectra_MC_Data_HydJet_RecoJet_JetEtaCut16.pdf, id=5508,
 569.12625pt x 445.665pt>
File: figures/Appendices/JetSpectra_MC_Data_HydJet_RecoJet_JetEtaCut16.pdf Grap
hic file (type pdf)

<use figures/Appendices/JetSpectra_MC_Data_HydJet_RecoJet_JetEtaCut16.pdf>
Package pdftex.def Info: figures/Appendices/JetSpectra_MC_Data_HydJet_RecoJet_J
etEtaCut16.pdf used on input line 25.
(pdftex.def)             Requested size: 469.75502pt x 367.86856pt.


LaTeX Warning: `!h' float specifier changed to `!ht'.


<figures/Appendices/JetEta_MC_Data_HydJet_RecoJet_JetEtaCut16.pdf, id=5509, 569
.12625pt x 445.665pt>
File: figures/Appendices/JetEta_MC_Data_HydJet_RecoJet_JetEtaCut16.pdf Graphic 
file (type pdf)

<use figures/Appendices/JetEta_MC_Data_HydJet_RecoJet_JetEtaCut16.pdf>
Package pdftex.def Info: figures/Appendices/JetEta_MC_Data_HydJet_RecoJet_JetEt
aCut16.pdf used on input line 34.
(pdftex.def)             Requested size: 469.75502pt x 367.86856pt.


LaTeX Warning: `!h' float specifier changed to `!ht'.


<figures/Appendices/JetPhi_MC_Data_HydJet_RecoJet_JetEtaCut16.pdf, id=5510, 569
.12625pt x 445.665pt>
File: figures/Appendices/JetPhi_MC_Data_HydJet_RecoJet_JetEtaCut16.pdf Graphic 
file (type pdf)

<use figures/Appendices/JetPhi_MC_Data_HydJet_RecoJet_JetEtaCut16.pdf>
Package pdftex.def Info: figures/Appendices/JetPhi_MC_Data_HydJet_RecoJet_JetEt
aCut16.pdf used on input line 43.
(pdftex.def)             Requested size: 469.75502pt x 367.86856pt.


LaTeX Warning: `!h' float specifier changed to `!ht'.

[128

 <./figures/Appendices/JetSpectra_MC_Data_Pythia_RecoJet_JetEtaCut16.pdf, page 
is rotated 90 degrees>] [129 <./figures/Appendices/JetSpectra_MC_Data_HydJet_Re
coJet_JetEtaCut16.pdf, page is rotated 90 degrees>] [130 <./figures/Appendices/
JetEta_MC_Data_HydJet_RecoJet_JetEtaCut16.pdf, page is rotated 90 degrees>] [13
1 <./figures/Appendices/JetPhi_MC_Data_HydJet_RecoJet_JetEtaCut16.pdf, page is 
rotated 90 degrees>]
<figures/Appendices/JetKinematics_pp_Pythia.pdf, id=5700, 569.12625pt x 176.66p
t>
File: figures/Appendices/JetKinematics_pp_Pythia.pdf Graphic file (type pdf)
 <use figures/Appendices/JetKinematics_pp_Pythia.pdf>
Package pdftex.def Info: figures/Appendices/JetKinematics_pp_Pythia.pdf used on
 input line 65.
(pdftex.def)             Requested size: 352.31625pt x 109.36632pt.

<figures/Appendices/JetKinematics_PbPb_Hydjet.pdf, id=5701, 569.12625pt x 141.5
2875pt>
File: figures/Appendices/JetKinematics_PbPb_Hydjet.pdf Graphic file (type pdf)
 <use figures/Appendices/JetKinematics_PbPb_Hydjet.pdf>
Package pdftex.def Info: figures/Appendices/JetKinematics_PbPb_Hydjet.pdf used 
on input line 74.
(pdftex.def)             Requested size: 469.75502pt x 116.82312pt.

<figures/Appendices/JetEta_PbPb_Hydjet.pdf, id=5702, 569.12625pt x 141.52875pt>
File: figures/Appendices/JetEta_PbPb_Hydjet.pdf Graphic file (type pdf)
<use figures/Appendices/JetEta_PbPb_Hydjet.pdf>
Package pdftex.def Info: figures/Appendices/JetEta_PbPb_Hydjet.pdf used on inpu
t line 82.
(pdftex.def)             Requested size: 469.75502pt x 116.82312pt.

<figures/Appendices/JetPhi_PbPb_Hydjet.pdf, id=5703, 569.12625pt x 141.52875pt>
File: figures/Appendices/JetPhi_PbPb_Hydjet.pdf Graphic file (type pdf)
<use figures/Appendices/JetPhi_PbPb_Hydjet.pdf>
Package pdftex.def Info: figures/Appendices/JetPhi_PbPb_Hydjet.pdf used on inpu
t line 91.
(pdftex.def)             Requested size: 469.75502pt x 116.82312pt.


LaTeX Warning: `!h' float specifier changed to `!ht'.

[132

 <./figures/Appendices/JetKinematics_pp_Pythia.pdf, page is rotated 90 degrees>
 <./figures/Appendices/JetKinematics_PbPb_Hydjet.pdf, page is rotated 90 degree
s> <./figures/Appendices/JetEta_PbPb_Hydjet.pdf, page is rotated 90 degrees>]
<figures/Appendices/JetSummary_pp_Aj0_Aj11.pdf, id=5838, 569.12625pt x 445.665p
t>
File: figures/Appendices/JetSummary_pp_Aj0_Aj11.pdf Graphic file (type pdf)
 <use figures/Appendices/JetSummary_pp_Aj0_Aj11.pdf>
Package pdftex.def Info: figures/Appendices/JetSummary_pp_Aj0_Aj11.pdf used on 
input line 111.
(pdftex.def)             Requested size: 465.06004pt x 364.1896pt.

<figures/Appendices/JetSummary_pp_Aj11_Aj22.pdf, id=5839, 569.12625pt x 445.665
pt>
File: figures/Appendices/JetSummary_pp_Aj11_Aj22.pdf Graphic file (type pdf)
 <use figures/Appendices/JetSummary_pp_Aj11_Aj22.pdf>
Package pdftex.def Info: figures/Appendices/JetSummary_pp_Aj11_Aj22.pdf used on
 input line 121.
(pdftex.def)             Requested size: 465.06004pt x 364.1896pt.

<figures/Appendices/JetSummary_pp_Aj22_Aj33.pdf, id=5840, 569.12625pt x 445.665
pt>
File: figures/Appendices/JetSummary_pp_Aj22_Aj33.pdf Graphic file (type pdf)
 <use figures/Appendices/JetSummary_pp_Aj22_Aj33.pdf>
Package pdftex.def Info: figures/Appendices/JetSummary_pp_Aj22_Aj33.pdf used on
 input line 131.
(pdftex.def)             Requested size: 465.06004pt x 364.1896pt.

<figures/Appendices/JetSummary_pp_Aj33_Aj75.pdf, id=5841, 569.12625pt x 445.665
pt>
File: figures/Appendices/JetSummary_pp_Aj33_Aj75.pdf Graphic file (type pdf)
 <use figures/Appendices/JetSummary_pp_Aj33_Aj75.pdf>
Package pdftex.def Info: figures/Appendices/JetSummary_pp_Aj33_Aj75.pdf used on
 input line 142.
(pdftex.def)             Requested size: 465.06004pt x 364.1896pt.

<figures/Appendices/JetSummary_PbPb_Aj0_Aj11.pdf, id=5842, 569.12625pt x 445.66
5pt>
File: figures/Appendices/JetSummary_PbPb_Aj0_Aj11.pdf Graphic file (type pdf)
 <use figures/Appendices/JetSummary_PbPb_Aj0_Aj11.pdf>
Package pdftex.def Info: figures/Appendices/JetSummary_PbPb_Aj0_Aj11.pdf used o
n input line 153.
(pdftex.def)             Requested size: 465.06004pt x 364.1896pt.

<figures/Appendices/JetSummary_PbPb_Aj11_Aj22.pdf, id=5843, 569.12625pt x 445.6
65pt>
File: figures/Appendices/JetSummary_PbPb_Aj11_Aj22.pdf Graphic file (type pdf)
 <use figures/Appendices/JetSummary_PbPb_Aj11_Aj22.pdf>
Package pdftex.def Info: figures/Appendices/JetSummary_PbPb_Aj11_Aj22.pdf used 
on input line 162.
(pdftex.def)             Requested size: 465.06004pt x 364.1896pt.

<figures/Appendices/JetSummary_PbPb_Aj22_Aj33.pdf, id=5844, 569.12625pt x 445.6
65pt>
File: figures/Appendices/JetSummary_PbPb_Aj22_Aj33.pdf Graphic file (type pdf)
 <use figures/Appendices/JetSummary_PbPb_Aj22_Aj33.pdf>
Package pdftex.def Info: figures/Appendices/JetSummary_PbPb_Aj22_Aj33.pdf used 
on input line 172.
(pdftex.def)             Requested size: 465.06004pt x 364.1896pt.

<figures/Appendices/JetSummary_PbPb_Aj33_Aj75.pdf, id=5845, 569.12625pt x 445.6
65pt>
File: figures/Appendices/JetSummary_PbPb_Aj33_Aj75.pdf Graphic file (type pdf)
 <use figures/Appendices/JetSummary_PbPb_Aj33_Aj75.pdf>
Package pdftex.def Info: figures/Appendices/JetSummary_PbPb_Aj33_Aj75.pdf used 
on input line 183.
(pdftex.def)             Requested size: 465.06004pt x 364.1896pt.
 [133 <./figures/Appendices/JetPhi_PbPb_Hydjet.pdf, page is rotated 90 degrees>
] [134 <./figures/Appendices/JetSummary_pp_Aj0_Aj11.pdf, page is rotated 90 deg
rees>] [135 <./figures/Appendices/JetSummary_pp_Aj11_Aj22.pdf, page is rotated 
90 degrees>]
[136 <./figures/Appendices/JetSummary_pp_Aj22_Aj33.pdf, page is rotated 90 degr
ees>] [137 <./figures/Appendices/JetSummary_pp_Aj33_Aj75.pdf, page is rotated 9
0 degrees>] [138 <./figures/Appendices/JetSummary_PbPb_Aj0_Aj11.pdf, page is ro
tated 90 degrees>] [139 <./figures/Appendices/JetSummary_PbPb_Aj11_Aj22.pdf, pa
ge is rotated 90 degrees>] [140 <./figures/Appendices/JetSummary_PbPb_Aj22_Aj33
.pdf, page is rotated 90 degrees>] [141 <./figures/Appendices/JetSummary_PbPb_A
j33_Aj75.pdf, page is rotated 90 degrees>]
<figures/Appendices/DijetFreeFitsGluedBackgroundV1V2V3.pdf, id=6277, 569.12625p
t x 598.235pt>
File: figures/Appendices/DijetFreeFitsGluedBackgroundV1V2V3.pdf Graphic file (t
ype pdf)
 <use figures/Appendices/DijetFreeFitsGluedBackgroundV1V2V3.pdf>
Package pdftex.def Info: figures/Appendices/DijetFreeFitsGluedBackgroundV1V2V3.
pdf used on input line 205.
(pdftex.def)             Requested size: 422.77664pt x 444.42134pt.

<figures/Appendices/Fits_PbPb_Leading.pdf, id=6278, 569.12625pt x 598.235pt>
File: figures/Appendices/Fits_PbPb_Leading.pdf Graphic file (type pdf)

<use figures/Appendices/Fits_PbPb_Leading.pdf>
Package pdftex.def Info: figures/Appendices/Fits_PbPb_Leading.pdf used on input
 line 214.
(pdftex.def)             Requested size: 422.77664pt x 444.42134pt.

<figures/Appendices/Fits_PbPb_SubLeading.pdf, id=6279, 569.12625pt x 598.235pt>
File: figures/Appendices/Fits_PbPb_SubLeading.pdf Graphic file (type pdf)
<use figures/Appendices/Fits_PbPb_SubLeading.pdf>
Package pdftex.def Info: figures/Appendices/Fits_PbPb_SubLeading.pdf used on in
put line 222.
(pdftex.def)             Requested size: 422.77664pt x 444.42134pt.

<figures/Appendices/Fits_PbPb_Inclusive.pdf, id=6280, 569.12625pt x 598.235pt>
File: figures/Appendices/Fits_PbPb_Inclusive.pdf Graphic file (type pdf)

<use figures/Appendices/Fits_PbPb_Inclusive.pdf>
Package pdftex.def Info: figures/Appendices/Fits_PbPb_Inclusive.pdf used on inp
ut line 229.
(pdftex.def)             Requested size: 422.77664pt x 444.42134pt.


LaTeX Warning: `!h' float specifier changed to `!ht'.

[142

 <./figures/Appendices/DijetFreeFitsGluedBackgroundV1V2V3.pdf>] [143 <./figures
/Appendices/Fits_PbPb_Leading.pdf>] [144 <./figures/Appendices/Fits_PbPb_SubLea
ding.pdf>] [145 <./figures/Appendices/Fits_PbPb_Inclusive.pdf>]
<figures/Appendices/Eta_EdgeFit_PbPb_Inclusive.pdf, id=6472, 569.12625pt x 598.
235pt>
File: figures/Appendices/Eta_EdgeFit_PbPb_Inclusive.pdf Graphic file (type pdf)

 <use figures/Appendices/Eta_EdgeFit_PbPb_Inclusive.pdf>
Package pdftex.def Info: figures/Appendices/Eta_EdgeFit_PbPb_Inclusive.pdf used
 on input line 248.
(pdftex.def)             Requested size: 422.77664pt x 444.42134pt.
 [146

 <./figures/Appendices/Eta_EdgeFit_PbPb_Inclusive.pdf>]
<figures/Appendices/Yield_Eta_wide_PbPb_Inclusive.pdf, id=6521, 569.12625pt x 5
98.235pt>
File: figures/Appendices/Yield_Eta_wide_PbPb_Inclusive.pdf Graphic file (type p
df)
 <use figures/Appendices/Yield_Eta_wide_PbPb_Inclusive.pdf>
Package pdftex.def Info: figures/Appendices/Yield_Eta_wide_PbPb_Inclusive.pdf u
sed on input line 261.
(pdftex.def)             Requested size: 422.77664pt x 444.42134pt.
 [147

 <./figures/Appendices/Yield_Eta_wide_PbPb_Inclusive.pdf>]
<figures/Appendices/Width_Check_Fits_Eta_PbPb_Leading.png, id=6569, 1501.61pt x
 1577.895pt>
File: figures/Appendices/Width_Check_Fits_Eta_PbPb_Leading.png Graphic file (ty
pe png)
 <use figures/Appendices/Width_Check_Fits_Eta_PbPb_Leading.png>
Package pdftex.def Info: figures/Appendices/Width_Check_Fits_Eta_PbPb_Leading.p
ng used on input line 277.
(pdftex.def)             Requested size: 422.77664pt x 444.23933pt.

<figures/Appendices/Width_Check_Fits_Eta_pp_Leading.png, id=6570, 1501.61pt x 1
577.895pt>
File: figures/Appendices/Width_Check_Fits_Eta_pp_Leading.png Graphic file (type
 png)
 <use figures/Appendices/Width_Check_Fits_Eta_pp_Leading.png>
Package pdftex.def Info: figures/Appendices/Width_Check_Fits_Eta_pp_Leading.png
 used on input line 290.
(pdftex.def)             Requested size: 422.77664pt x 444.23933pt.

<figures/Appendices/Width_Check_Fits_Eta_PbPb_SubLeading.png, id=6571, 1501.61p
t x 1577.895pt>
File: figures/Appendices/Width_Check_Fits_Eta_PbPb_SubLeading.png Graphic file 
(type png)

<use figures/Appendices/Width_Check_Fits_Eta_PbPb_SubLeading.png>
Package pdftex.def Info: figures/Appendices/Width_Check_Fits_Eta_PbPb_SubLeadin
g.png used on input line 302.
(pdftex.def)             Requested size: 422.77664pt x 444.23933pt.

<figures/Appendices/Width_Check_Fits_Eta_pp_SubLeading.png, id=6572, 1501.61pt 
x 1577.895pt>
File: figures/Appendices/Width_Check_Fits_Eta_pp_SubLeading.png Graphic file (t
ype png)
 <use figures/Appendices/Width_Check_Fits_Eta_pp_SubLeading.png>
Package pdftex.def Info: figures/Appendices/Width_Check_Fits_Eta_pp_SubLeading.
png used on input line 313.
(pdftex.def)             Requested size: 422.77664pt x 444.23933pt.
)
[148

 <./figures/Appendices/Width_Check_Fits_Eta_PbPb_Leading.png>] [149 <./figures/
Appendices/Width_Check_Fits_Eta_pp_Leading.png>] [150 <./figures/Appendices/Wid
th_Check_Fits_Eta_PbPb_SubLeading.png>] [151 <./figures/Appendices/Width_Check_
Fits_Eta_pp_SubLeading.png>] (./Vita.tex [152

])
Package atveryend Info: Empty hook `BeforeClearDocument' on input line 229.
 [153

]
Package atveryend Info: Empty hook `AfterLastShipout' on input line 229.
 (./HT_Thesis.aux)
Package atveryend Info: Executing hook `AtVeryEndDocument' on input line 229.
Package atveryend Info: Executing hook `AtEndAfterFileList' on input line 229.
Package rerunfilecheck Info: File `HT_Thesis.out' has not changed.
(rerunfilecheck)             Checksum: 860D20D6D7D590793219F558A7169C02;4931.


LaTeX Font Warning: Size substitutions with differences
(Font)              up to 4.5pt have occurred.


LaTeX Font Warning: Some font shapes were not available, defaults substituted.

 ) 
Here is how much of TeX's memory you used:
 9678 strings out of 493117
 162683 string characters out of 6135433
 248877 words of memory out of 5000000
 12359 multiletter control sequences out of 15000+600000
 16615 words of font info for 65 fonts, out of 8000000 for 9000
 1141 hyphenation exceptions out of 8191
 36i,13n,41p,2332b,449s stack positions out of 5000i,500n,10000p,200000b,80000s
</usr/local/texlive/2014/texmf-dist/fonts/type1/public/amsfonts/cm/cmbx10.pfb
></usr/local/texlive/2014/texmf-dist/fonts/type1/public/amsfonts/cm/cmbx8.pfb><
/usr/local/texlive/2014/texmf-dist/fonts/type1/public/amsfonts/cm/cmcsc10.pfb><
/usr/local/texlive/2014/texmf-dist/fonts/type1/public/amsfonts/cm/cmex10.pfb></
usr/local/texlive/2014/texmf-dist/fonts/type1/public/amsfonts/cm/cmmi10.pfb></u
sr/local/texlive/2014/texmf-dist/fonts/type1/public/amsfonts/cm/cmmi12.pfb></us
r/local/texlive/2014/texmf-dist/fonts/type1/public/amsfonts/cm/cmmi6.pfb></usr/
local/texlive/2014/texmf-dist/fonts/type1/public/amsfonts/cm/cmmi8.pfb></usr/lo
cal/texlive/2014/texmf-dist/fonts/type1/public/amsfonts/cm/cmmib10.pfb></usr/lo
cal/texlive/2014/texmf-dist/fonts/type1/public/amsfonts/cmextra/cmmib8.pfb></us
r/local/texlive/2014/texmf-dist/fonts/type1/public/amsfonts/cm/cmr10.pfb></usr/
local/texlive/2014/texmf-dist/fonts/type1/public/amsfonts/cm/cmr12.pfb></usr/lo
cal/texlive/2014/texmf-dist/fonts/type1/public/amsfonts/cm/cmr6.pfb></usr/local
/texlive/2014/texmf-dist/fonts/type1/public/amsfonts/cm/cmr8.pfb></usr/local/te
xlive/2014/texmf-dist/fonts/type1/public/amsfonts/cm/cmss8.pfb></usr/local/texl
ive/2014/texmf-dist/fonts/type1/public/amsfonts/cm/cmsy10.pfb></usr/local/texli
ve/2014/texmf-dist/fonts/type1/public/amsfonts/cm/cmsy8.pfb></usr/local/texlive
/2014/texmf-dist/fonts/type1/public/amsfonts/cm/cmti10.pfb></usr/local/texlive/
2014/texmf-dist/fonts/type1/public/amsfonts/symbols/msbm10.pfb></usr/local/texl
ive/2014/texmf-dist/fonts/type1/public/rsfs/rsfs10.pfb>
Output written on HT_Thesis.pdf (165 pages, 9128650 bytes).
PDF statistics:
 6768 PDF objects out of 7423 (max. 8388607)
 3957 compressed objects within 40 object streams
 466 named destinations out of 1000 (max. 500000)
 1068 words of extra memory for PDF output out of 10000 (max. 10000000)

